Removed Member From Class: ClassName=Gagabiro_POC_PSU_main Member=*1
Removed Member From Class: ClassName=Gagabiro_POC_PSU_main Member=B1
Removed Member From Class: ClassName=Gagabiro_POC_PSU_main Member=C1
Removed Member From Class: ClassName=Gagabiro_POC_PSU_main Member=C2
Removed Member From Class: ClassName=Gagabiro_POC_PSU_main Member=C3
Removed Member From Class: ClassName=Gagabiro_POC_PSU_main Member=C4
Removed Member From Class: ClassName=Gagabiro_POC_PSU_main Member=C5
Removed Member From Class: ClassName=Gagabiro_POC_PSU_main Member=C6
Removed Member From Class: ClassName=Gagabiro_POC_PSU_main Member=C7
Removed Member From Class: ClassName=Gagabiro_POC_PSU_main Member=C10
Removed Member From Class: ClassName=Gagabiro_POC_PSU_main Member=C13
Removed Member From Class: ClassName=Gagabiro_POC_PSU_main Member=D1
Removed Member From Class: ClassName=Gagabiro_POC_PSU_main Member=D2
Removed Member From Class: ClassName=Gagabiro_POC_PSU_main Member=D3
Removed Member From Class: ClassName=Gagabiro_POC_PSU_main Member=D4
Removed Member From Class: ClassName=Gagabiro_POC_PSU_main Member=D5
Removed Member From Class: ClassName=Gagabiro_POC_PSU_main Member=D6
Removed Member From Class: ClassName=Gagabiro_POC_PSU_main Member=D8
Removed Member From Class: ClassName=Gagabiro_POC_PSU_main Member=D9
Removed Member From Class: ClassName=Gagabiro_POC_PSU_main Member=D11
Removed Member From Class: ClassName=Gagabiro_POC_PSU_main Member=D12
Removed Member From Class: ClassName=Gagabiro_POC_PSU_main Member=D13
Removed Member From Class: ClassName=Gagabiro_POC_PSU_main Member=D14
Removed Member From Class: ClassName=Gagabiro_POC_PSU_main Member=HS1
Removed Member From Class: ClassName=Gagabiro_POC_PSU_main Member=HS2
Removed Member From Class: ClassName=Gagabiro_POC_PSU_main Member=P1
Removed Member From Class: ClassName=Gagabiro_POC_PSU_main Member=P2
Removed Member From Class: ClassName=Gagabiro_POC_PSU_main Member=P4
Removed Member From Class: ClassName=Gagabiro_POC_PSU_main Member=P5
Removed Member From Class: ClassName=Gagabiro_POC_PSU_main Member=P6
Removed Member From Class: ClassName=Gagabiro_POC_PSU_main Member=P7
Removed Member From Class: ClassName=Gagabiro_POC_PSU_main Member=P8
Removed Member From Class: ClassName=Gagabiro_POC_PSU_main Member=P9
Removed Member From Class: ClassName=Gagabiro_POC_PSU_main Member=P10
Removed Member From Class: ClassName=Gagabiro_POC_PSU_main Member=Q1
Removed Member From Class: ClassName=Gagabiro_POC_PSU_main Member=Q2
Removed Member From Class: ClassName=Gagabiro_POC_PSU_main Member=R1
Removed Member From Class: ClassName=Gagabiro_POC_PSU_main Member=R2
Removed Member From Class: ClassName=Gagabiro_POC_PSU_main Member=R3
Removed Member From Class: ClassName=Gagabiro_POC_PSU_main Member=R4
Removed Member From Class: ClassName=Gagabiro_POC_PSU_main Member=R5
Removed Member From Class: ClassName=Gagabiro_POC_PSU_main Member=R6
Removed Member From Class: ClassName=Gagabiro_POC_PSU_main Member=R7
Removed Member From Class: ClassName=Gagabiro_POC_PSU_main Member=R8
Removed Member From Class: ClassName=Gagabiro_POC_PSU_main Member=R9
Removed Member From Class: ClassName=Gagabiro_POC_PSU_main Member=R10
Removed Member From Class: ClassName=Gagabiro_POC_PSU_main Member=R11
Removed Member From Class: ClassName=Gagabiro_POC_PSU_main Member=R12
Removed Member From Class: ClassName=Gagabiro_POC_PSU_main Member=R13
Removed Member From Class: ClassName=Gagabiro_POC_PSU_main Member=R14
Removed Member From Class: ClassName=Gagabiro_POC_PSU_main Member=R15
Removed Member From Class: ClassName=Gagabiro_POC_PSU_main Member=RV1
Removed Member From Class: ClassName=Gagabiro_POC_PSU_main Member=VR1
Change Class Name : Old Net Name=Gagabiro_POC_PSU_main New Net Name=maida_2
Added Class: Name=maida_1
Added Room: Name=maida_1
Added Room: Name=maida_2
