Added Component: Designator=*1(TO92127P495H495-3)
Added Component: Designator=*2(TO92127P495H495-3)
Added Component: Designator=B1(LM337KVURG3)
Add component (AddParameter): Name = "Datasheet Link"; Value = "http://www.ti.com/lit/gpn/lm337"; VariantName = "[No Variations]"
Add component (AddParameter): Name = "Geometry.Height"; Value = "2.65mm"; VariantName = "[No Variations]"
Add component (AddParameter): Name = "Manufacturer_Name"; Value = "Texas Instruments"; VariantName = "[No Variations]"
Add component (AddParameter): Name = "Manufacturer_Part_Number"; Value = "LM337KVURG3"; VariantName = "[No Variations]"
Add component (AddParameter): Name = "Mouser Part Number"; Value = "595-LM337KVURG3"; VariantName = "[No Variations]"
Add component (AddParameter): Name = "Mouser Price/Stock"; Value = "https://www.mouser.co.uk/ProductDetail/Texas-Instruments/LM337KVURG3?qs=iSMark9AYDXYOGB3Dr0rVg%3D%3D"; VariantName = "[No Variations]"
Added Component: Designator=C1(CAP_panassonic_1u_450V)
Add component (AddParameter): Name = "Part Number"; Value = "CMICA_47PF"; VariantName = "[No Variations]"
Add component (AddParameter): Name = "Value"; Value = "1uF"; VariantName = "[No Variations]"
Added Component: Designator=C2(CAPPRD500W50D630H1120_stand)
Add component (AddParameter): Name = "Availability"; Value = "In Stock"; VariantName = "[No Variations]"
Add component (AddParameter): Name = "Check_prices"; Value = "https://www.snapeda.com/parts/EEU-HD1C221B/Panasonic/view-part/?ref=eda"; VariantName = "[No Variations]"
Add component (AddParameter): Name = "MF"; Value = "Panasonic"; VariantName = "[No Variations]"
Add component (AddParameter): Name = "MP"; Value = "EEU-HD1C221B"; VariantName = "[No Variations]"
Add component (AddParameter): Name = "Package"; Value = "RADIAL-2 Panasonic"; VariantName = "[No Variations]"
Add component (AddParameter): Name = "Price"; Value = "None"; VariantName = "[No Variations]"
Add component (AddParameter): Name = "Purchase-URL"; Value = "https://pricing.snapeda.com/search/part/EEU-HD1C221B/?ref=eda"; VariantName = "[No Variations]"
Add component (AddParameter): Name = "SnapEDA_Link"; Value = "https://www.snapeda.com/parts/EEU-HD1C221B/Panasonic/view-part/?ref=snap"; VariantName = "[No Variations]"
Add component (AddParameter): Name = "Value"; Value = "47uF"; VariantName = "[No Variations]"
Added Component: Designator=C3(CAPPRD500W50D630H1120_stand)
Add component (AddParameter): Name = "Availability"; Value = "In Stock"; VariantName = "[No Variations]"
Add component (AddParameter): Name = "Check_prices"; Value = "https://www.snapeda.com/parts/EEU-HD1C221B/Panasonic/view-part/?ref=eda"; VariantName = "[No Variations]"
Add component (AddParameter): Name = "MF"; Value = "Panasonic"; VariantName = "[No Variations]"
Add component (AddParameter): Name = "MP"; Value = "EEU-HD1C221B"; VariantName = "[No Variations]"
Add component (AddParameter): Name = "Package"; Value = "RADIAL-2 Panasonic"; VariantName = "[No Variations]"
Add component (AddParameter): Name = "Price"; Value = "None"; VariantName = "[No Variations]"
Add component (AddParameter): Name = "Purchase-URL"; Value = "https://pricing.snapeda.com/search/part/EEU-HD1C221B/?ref=eda"; VariantName = "[No Variations]"
Add component (AddParameter): Name = "SnapEDA_Link"; Value = "https://www.snapeda.com/parts/EEU-HD1C221B/Panasonic/view-part/?ref=snap"; VariantName = "[No Variations]"
Add component (AddParameter): Name = "Value"; Value = "47uF"; VariantName = "[No Variations]"
Added Component: Designator=C4(CAP_panassonic_100n_450V)
Add component (AddParameter): Name = "Part Number"; Value = "CMICA_47PF"; VariantName = "[No Variations]"
Add component (AddParameter): Name = "Value"; Value = "100nF"; VariantName = "[No Variations]"
Added Component: Designator=C5(CAP_panassonic_1u_450V)
Add component (AddParameter): Name = "Part Number"; Value = "CMICA_47PF"; VariantName = "[No Variations]"
Add component (AddParameter): Name = "Value"; Value = "1uF"; VariantName = "[No Variations]"
Added Component: Designator=C6(CAP_panassonic_1u_450V)
Add component (AddParameter): Name = "Part Number"; Value = "CMICA_47PF"; VariantName = "[No Variations]"
Add component (AddParameter): Name = "Value"; Value = "1uF"; VariantName = "[No Variations]"
Added Component: Designator=C7(CAP_panassonic_1u_450V)
Add component (AddParameter): Name = "Part Number"; Value = "CMICA_47PF"; VariantName = "[No Variations]"
Add component (AddParameter): Name = "Value"; Value = "1uF"; VariantName = "[No Variations]"
Added Component: Designator=C8(CAP_panassonic_1u_450V)
Add component (AddParameter): Name = "Part Number"; Value = "CMICA_47PF"; VariantName = "[No Variations]"
Add component (AddParameter): Name = "Value"; Value = "1uF"; VariantName = "[No Variations]"
Added Component: Designator=C9(CAP_panassonic_1u_450V)
Add component (AddParameter): Name = "Part Number"; Value = "CMICA_47PF"; VariantName = "[No Variations]"
Add component (AddParameter): Name = "Value"; Value = "1uF"; VariantName = "[No Variations]"
Added Component: Designator=C10(CAPPRD500W50D630H1120_stand_25x50)
Add component (AddParameter): Name = "Availability"; Value = "In Stock"; VariantName = "[No Variations]"
Add component (AddParameter): Name = "Check_prices"; Value = "https://www.snapeda.com/parts/EEU-HD1C221B/Panasonic/view-part/?ref=eda"; VariantName = "[No Variations]"
Add component (AddParameter): Name = "MF"; Value = "Panasonic"; VariantName = "[No Variations]"
Add component (AddParameter): Name = "MP"; Value = "EEU-HD1C221B"; VariantName = "[No Variations]"
Add component (AddParameter): Name = "Package"; Value = "RADIAL-2 Panasonic"; VariantName = "[No Variations]"
Add component (AddParameter): Name = "Price"; Value = "None"; VariantName = "[No Variations]"
Add component (AddParameter): Name = "Purchase-URL"; Value = "https://pricing.snapeda.com/search/part/EEU-HD1C221B/?ref=eda"; VariantName = "[No Variations]"
Add component (AddParameter): Name = "SnapEDA_Link"; Value = "https://www.snapeda.com/parts/EEU-HD1C221B/Panasonic/view-part/?ref=snap"; VariantName = "[No Variations]"
Add component (AddParameter): Name = "Value"; Value = "220uF"; VariantName = "[No Variations]"
Added Component: Designator=C11(CAP_panassonic_1u_450V)
Add component (AddParameter): Name = "Part Number"; Value = "CMICA_47PF"; VariantName = "[No Variations]"
Add component (AddParameter): Name = "Value"; Value = "1uF"; VariantName = "[No Variations]"
Added Component: Designator=C12(CAP_panassonic_1u_450V)
Add component (AddParameter): Name = "Part Number"; Value = "CMICA_47PF"; VariantName = "[No Variations]"
Add component (AddParameter): Name = "Value"; Value = "1uF"; VariantName = "[No Variations]"
Added Component: Designator=C13(CAPPRD500W50D630H1120_stand_22x40)
Add component (AddParameter): Name = "Availability"; Value = "In Stock"; VariantName = "[No Variations]"
Add component (AddParameter): Name = "Check_prices"; Value = "https://www.snapeda.com/parts/EEU-HD1C221B/Panasonic/view-part/?ref=eda"; VariantName = "[No Variations]"
Add component (AddParameter): Name = "MF"; Value = "Panasonic"; VariantName = "[No Variations]"
Add component (AddParameter): Name = "MP"; Value = "EEU-HD1C221B"; VariantName = "[No Variations]"
Add component (AddParameter): Name = "Package"; Value = "RADIAL-2 Panasonic"; VariantName = "[No Variations]"
Add component (AddParameter): Name = "Price"; Value = "None"; VariantName = "[No Variations]"
Add component (AddParameter): Name = "Purchase-URL"; Value = "https://pricing.snapeda.com/search/part/EEU-HD1C221B/?ref=eda"; VariantName = "[No Variations]"
Add component (AddParameter): Name = "SnapEDA_Link"; Value = "https://www.snapeda.com/parts/EEU-HD1C221B/Panasonic/view-part/?ref=snap"; VariantName = "[No Variations]"
Add component (AddParameter): Name = "Value"; Value = "2200uF"; VariantName = "[No Variations]"
Added Component: Designator=D1(DIOAD1036W78L463D272)
Add component (AddParameter): Name = "Check_prices"; Value = "https://www.snapeda.com/parts/1N4735A/Onsemi/view-part/?ref=eda"; VariantName = "[No Variations]"
Add component (AddParameter): Name = "MF"; Value = "ON Semiconductor"; VariantName = "[No Variations]"
Add component (AddParameter): Name = "MP"; Value = "1N4735A"; VariantName = "[No Variations]"
Add component (AddParameter): Name = "Package"; Value = "DO-41 ON Semiconductor"; VariantName = "[No Variations]"
Add component (AddParameter): Name = "SnapEDA_Link"; Value = "https://www.snapeda.com/parts/1N4735A/Onsemi/view-part/?ref=snap"; VariantName = "[No Variations]"
Add component (AddParameter): Name = "Value"; Value = ""; VariantName = "[No Variations]"
Added Component: Designator=D2(DIOAD1036W78L470D235)
Add component (AddParameter): Name = "Availability"; Value = "In Stock"; VariantName = "[No Variations]"
Add component (AddParameter): Name = "Check_prices"; Value = "https://www.snapeda.com/parts/1N4001G/Taiwan+Semiconductor/view-part/?ref=eda"; VariantName = "[No Variations]"
Add component (AddParameter): Name = "MF"; Value = "Taiwan Semiconductor"; VariantName = "[No Variations]"
Add component (AddParameter): Name = "MP"; Value = "1N4001G"; VariantName = "[No Variations]"
Add component (AddParameter): Name = "Package"; Value = "DO-41-2 Taiwan Semiconductor"; VariantName = "[No Variations]"
Add component (AddParameter): Name = "Price"; Value = "None"; VariantName = "[No Variations]"
Add component (AddParameter): Name = "Purchase-URL"; Value = "https://pricing.snapeda.com/search/part/1N4001G/?ref=eda"; VariantName = "[No Variations]"
Add component (AddParameter): Name = "SnapEDA_Link"; Value = "https://www.snapeda.com/parts/1N4001G/Taiwan+Semiconductor/view-part/?ref=snap"; VariantName = "[No Variations]"
Add component (AddParameter): Name = "Value"; Value = ""; VariantName = "[No Variations]"
Added Component: Designator=D3(DIOAD1036W78L470D235)
Add component (AddParameter): Name = "Availability"; Value = "In Stock"; VariantName = "[No Variations]"
Add component (AddParameter): Name = "Check_prices"; Value = "https://www.snapeda.com/parts/1N4001G/Taiwan+Semiconductor/view-part/?ref=eda"; VariantName = "[No Variations]"
Add component (AddParameter): Name = "MF"; Value = "Taiwan Semiconductor"; VariantName = "[No Variations]"
Add component (AddParameter): Name = "MP"; Value = "1N4001G"; VariantName = "[No Variations]"
Add component (AddParameter): Name = "Package"; Value = "DO-41-2 Taiwan Semiconductor"; VariantName = "[No Variations]"
Add component (AddParameter): Name = "Price"; Value = "None"; VariantName = "[No Variations]"
Add component (AddParameter): Name = "Purchase-URL"; Value = "https://pricing.snapeda.com/search/part/1N4001G/?ref=eda"; VariantName = "[No Variations]"
Add component (AddParameter): Name = "SnapEDA_Link"; Value = "https://www.snapeda.com/parts/1N4001G/Taiwan+Semiconductor/view-part/?ref=snap"; VariantName = "[No Variations]"
Add component (AddParameter): Name = "Value"; Value = ""; VariantName = "[No Variations]"
Added Component: Designator=D4(DIOAD1036W78L470D235)
Add component (AddParameter): Name = "Availability"; Value = "In Stock"; VariantName = "[No Variations]"
Add component (AddParameter): Name = "Check_prices"; Value = "https://www.snapeda.com/parts/1N4001G/Taiwan+Semiconductor/view-part/?ref=eda"; VariantName = "[No Variations]"
Add component (AddParameter): Name = "MF"; Value = "Taiwan Semiconductor"; VariantName = "[No Variations]"
Add component (AddParameter): Name = "MP"; Value = "1N4001G"; VariantName = "[No Variations]"
Add component (AddParameter): Name = "Package"; Value = "DO-41-2 Taiwan Semiconductor"; VariantName = "[No Variations]"
Add component (AddParameter): Name = "Price"; Value = "None"; VariantName = "[No Variations]"
Add component (AddParameter): Name = "Purchase-URL"; Value = "https://pricing.snapeda.com/search/part/1N4001G/?ref=eda"; VariantName = "[No Variations]"
Add component (AddParameter): Name = "SnapEDA_Link"; Value = "https://www.snapeda.com/parts/1N4001G/Taiwan+Semiconductor/view-part/?ref=snap"; VariantName = "[No Variations]"
Add component (AddParameter): Name = "Value"; Value = ""; VariantName = "[No Variations]"
Added Component: Designator=D5(DIOAD1036W78L470D235)
Add component (AddParameter): Name = "Availability"; Value = "In Stock"; VariantName = "[No Variations]"
Add component (AddParameter): Name = "Check_prices"; Value = "https://www.snapeda.com/parts/1N4001G/Taiwan+Semiconductor/view-part/?ref=eda"; VariantName = "[No Variations]"
Add component (AddParameter): Name = "MF"; Value = "Taiwan Semiconductor"; VariantName = "[No Variations]"
Add component (AddParameter): Name = "MP"; Value = "1N4001G"; VariantName = "[No Variations]"
Add component (AddParameter): Name = "Package"; Value = "DO-41-2 Taiwan Semiconductor"; VariantName = "[No Variations]"
Add component (AddParameter): Name = "Price"; Value = "None"; VariantName = "[No Variations]"
Add component (AddParameter): Name = "Purchase-URL"; Value = "https://pricing.snapeda.com/search/part/1N4001G/?ref=eda"; VariantName = "[No Variations]"
Add component (AddParameter): Name = "SnapEDA_Link"; Value = "https://www.snapeda.com/parts/1N4001G/Taiwan+Semiconductor/view-part/?ref=snap"; VariantName = "[No Variations]"
Add component (AddParameter): Name = "Value"; Value = ""; VariantName = "[No Variations]"
Added Component: Designator=D6(DIOAD1036W78L470D235)
Add component (AddParameter): Name = "Availability"; Value = "In Stock"; VariantName = "[No Variations]"
Add component (AddParameter): Name = "Check_prices"; Value = "https://www.snapeda.com/parts/1N4001G/Taiwan+Semiconductor/view-part/?ref=eda"; VariantName = "[No Variations]"
Add component (AddParameter): Name = "MF"; Value = "Taiwan Semiconductor"; VariantName = "[No Variations]"
Add component (AddParameter): Name = "MP"; Value = "1N4001G"; VariantName = "[No Variations]"
Add component (AddParameter): Name = "Package"; Value = "DO-41-2 Taiwan Semiconductor"; VariantName = "[No Variations]"
Add component (AddParameter): Name = "Price"; Value = "None"; VariantName = "[No Variations]"
Add component (AddParameter): Name = "Purchase-URL"; Value = "https://pricing.snapeda.com/search/part/1N4001G/?ref=eda"; VariantName = "[No Variations]"
Add component (AddParameter): Name = "SnapEDA_Link"; Value = "https://www.snapeda.com/parts/1N4001G/Taiwan+Semiconductor/view-part/?ref=snap"; VariantName = "[No Variations]"
Add component (AddParameter): Name = "Value"; Value = ""; VariantName = "[No Variations]"
Added Component: Designator=D7(DIOAD1036W78L463D272)
Add component (AddParameter): Name = "Check_prices"; Value = "https://www.snapeda.com/parts/1N4735A/Onsemi/view-part/?ref=eda"; VariantName = "[No Variations]"
Add component (AddParameter): Name = "MF"; Value = "ON Semiconductor"; VariantName = "[No Variations]"
Add component (AddParameter): Name = "MP"; Value = "1N4735A"; VariantName = "[No Variations]"
Add component (AddParameter): Name = "Package"; Value = "DO-41 ON Semiconductor"; VariantName = "[No Variations]"
Add component (AddParameter): Name = "SnapEDA_Link"; Value = "https://www.snapeda.com/parts/1N4735A/Onsemi/view-part/?ref=snap"; VariantName = "[No Variations]"
Add component (AddParameter): Name = "Value"; Value = ""; VariantName = "[No Variations]"
Added Component: Designator=D8(DIOAD1036W78L470D235)
Add component (AddParameter): Name = "Availability"; Value = "In Stock"; VariantName = "[No Variations]"
Add component (AddParameter): Name = "Check_prices"; Value = "https://www.snapeda.com/parts/1N4001G/Taiwan+Semiconductor/view-part/?ref=eda"; VariantName = "[No Variations]"
Add component (AddParameter): Name = "MF"; Value = "Taiwan Semiconductor"; VariantName = "[No Variations]"
Add component (AddParameter): Name = "MP"; Value = "1N4001G"; VariantName = "[No Variations]"
Add component (AddParameter): Name = "Package"; Value = "DO-41-2 Taiwan Semiconductor"; VariantName = "[No Variations]"
Add component (AddParameter): Name = "Price"; Value = "None"; VariantName = "[No Variations]"
Add component (AddParameter): Name = "Purchase-URL"; Value = "https://pricing.snapeda.com/search/part/1N4001G/?ref=eda"; VariantName = "[No Variations]"
Add component (AddParameter): Name = "SnapEDA_Link"; Value = "https://www.snapeda.com/parts/1N4001G/Taiwan+Semiconductor/view-part/?ref=snap"; VariantName = "[No Variations]"
Add component (AddParameter): Name = "Value"; Value = ""; VariantName = "[No Variations]"
Added Component: Designator=D9(DIOAD1036W78L470D235)
Add component (AddParameter): Name = "Availability"; Value = "In Stock"; VariantName = "[No Variations]"
Add component (AddParameter): Name = "Check_prices"; Value = "https://www.snapeda.com/parts/1N4001G/Taiwan+Semiconductor/view-part/?ref=eda"; VariantName = "[No Variations]"
Add component (AddParameter): Name = "MF"; Value = "Taiwan Semiconductor"; VariantName = "[No Variations]"
Add component (AddParameter): Name = "MP"; Value = "1N4001G"; VariantName = "[No Variations]"
Add component (AddParameter): Name = "Package"; Value = "DO-41-2 Taiwan Semiconductor"; VariantName = "[No Variations]"
Add component (AddParameter): Name = "Price"; Value = "None"; VariantName = "[No Variations]"
Add component (AddParameter): Name = "Purchase-URL"; Value = "https://pricing.snapeda.com/search/part/1N4001G/?ref=eda"; VariantName = "[No Variations]"
Add component (AddParameter): Name = "SnapEDA_Link"; Value = "https://www.snapeda.com/parts/1N4001G/Taiwan+Semiconductor/view-part/?ref=snap"; VariantName = "[No Variations]"
Add component (AddParameter): Name = "Value"; Value = ""; VariantName = "[No Variations]"
Added Component: Designator=D10(DIOAD1036W78L470D235)
Add component (AddParameter): Name = "Availability"; Value = "In Stock"; VariantName = "[No Variations]"
Add component (AddParameter): Name = "Check_prices"; Value = "https://www.snapeda.com/parts/1N4001G/Taiwan+Semiconductor/view-part/?ref=eda"; VariantName = "[No Variations]"
Add component (AddParameter): Name = "MF"; Value = "Taiwan Semiconductor"; VariantName = "[No Variations]"
Add component (AddParameter): Name = "MP"; Value = "1N4001G"; VariantName = "[No Variations]"
Add component (AddParameter): Name = "Package"; Value = "DO-41-2 Taiwan Semiconductor"; VariantName = "[No Variations]"
Add component (AddParameter): Name = "Price"; Value = "None"; VariantName = "[No Variations]"
Add component (AddParameter): Name = "Purchase-URL"; Value = "https://pricing.snapeda.com/search/part/1N4001G/?ref=eda"; VariantName = "[No Variations]"
Add component (AddParameter): Name = "SnapEDA_Link"; Value = "https://www.snapeda.com/parts/1N4001G/Taiwan+Semiconductor/view-part/?ref=snap"; VariantName = "[No Variations]"
Add component (AddParameter): Name = "Value"; Value = ""; VariantName = "[No Variations]"
Added Component: Designator=D11(DIOAD1036W78L470D235)
Add component (AddParameter): Name = "Availability"; Value = "In Stock"; VariantName = "[No Variations]"
Add component (AddParameter): Name = "Check_prices"; Value = "https://www.snapeda.com/parts/1N4001G/Taiwan+Semiconductor/view-part/?ref=eda"; VariantName = "[No Variations]"
Add component (AddParameter): Name = "MF"; Value = "Taiwan Semiconductor"; VariantName = "[No Variations]"
Add component (AddParameter): Name = "MP"; Value = "1N4001G"; VariantName = "[No Variations]"
Add component (AddParameter): Name = "Package"; Value = "DO-41-2 Taiwan Semiconductor"; VariantName = "[No Variations]"
Add component (AddParameter): Name = "Price"; Value = "None"; VariantName = "[No Variations]"
Add component (AddParameter): Name = "Purchase-URL"; Value = "https://pricing.snapeda.com/search/part/1N4001G/?ref=eda"; VariantName = "[No Variations]"
Add component (AddParameter): Name = "SnapEDA_Link"; Value = "https://www.snapeda.com/parts/1N4001G/Taiwan+Semiconductor/view-part/?ref=snap"; VariantName = "[No Variations]"
Add component (AddParameter): Name = "Value"; Value = ""; VariantName = "[No Variations]"
Added Component: Designator=D12(DIOAD1036W78L470D235)
Add component (AddParameter): Name = "Availability"; Value = "In Stock"; VariantName = "[No Variations]"
Add component (AddParameter): Name = "Check_prices"; Value = "https://www.snapeda.com/parts/1N4001G/Taiwan+Semiconductor/view-part/?ref=eda"; VariantName = "[No Variations]"
Add component (AddParameter): Name = "MF"; Value = "Taiwan Semiconductor"; VariantName = "[No Variations]"
Add component (AddParameter): Name = "MP"; Value = "1N4001G"; VariantName = "[No Variations]"
Add component (AddParameter): Name = "Package"; Value = "DO-41-2 Taiwan Semiconductor"; VariantName = "[No Variations]"
Add component (AddParameter): Name = "Price"; Value = "None"; VariantName = "[No Variations]"
Add component (AddParameter): Name = "Purchase-URL"; Value = "https://pricing.snapeda.com/search/part/1N4001G/?ref=eda"; VariantName = "[No Variations]"
Add component (AddParameter): Name = "SnapEDA_Link"; Value = "https://www.snapeda.com/parts/1N4001G/Taiwan+Semiconductor/view-part/?ref=snap"; VariantName = "[No Variations]"
Add component (AddParameter): Name = "Value"; Value = ""; VariantName = "[No Variations]"
Added Component: Designator=D13(DIOAD1036W78L470D235)
Add component (AddParameter): Name = "Availability"; Value = "In Stock"; VariantName = "[No Variations]"
Add component (AddParameter): Name = "Check_prices"; Value = "https://www.snapeda.com/parts/1N4001G/Taiwan+Semiconductor/view-part/?ref=eda"; VariantName = "[No Variations]"
Add component (AddParameter): Name = "MF"; Value = "Taiwan Semiconductor"; VariantName = "[No Variations]"
Add component (AddParameter): Name = "MP"; Value = "1N4001G"; VariantName = "[No Variations]"
Add component (AddParameter): Name = "Package"; Value = "DO-41-2 Taiwan Semiconductor"; VariantName = "[No Variations]"
Add component (AddParameter): Name = "Price"; Value = "None"; VariantName = "[No Variations]"
Add component (AddParameter): Name = "Purchase-URL"; Value = "https://pricing.snapeda.com/search/part/1N4001G/?ref=eda"; VariantName = "[No Variations]"
Add component (AddParameter): Name = "SnapEDA_Link"; Value = "https://www.snapeda.com/parts/1N4001G/Taiwan+Semiconductor/view-part/?ref=snap"; VariantName = "[No Variations]"
Add component (AddParameter): Name = "Value"; Value = ""; VariantName = "[No Variations]"
Added Component: Designator=D14(DIOAD1036W78L470D235)
Add component (AddParameter): Name = "Availability"; Value = "In Stock"; VariantName = "[No Variations]"
Add component (AddParameter): Name = "Check_prices"; Value = "https://www.snapeda.com/parts/1N4001G/Taiwan+Semiconductor/view-part/?ref=eda"; VariantName = "[No Variations]"
Add component (AddParameter): Name = "MF"; Value = "Taiwan Semiconductor"; VariantName = "[No Variations]"
Add component (AddParameter): Name = "MP"; Value = "1N4001G"; VariantName = "[No Variations]"
Add component (AddParameter): Name = "Package"; Value = "DO-41-2 Taiwan Semiconductor"; VariantName = "[No Variations]"
Add component (AddParameter): Name = "Price"; Value = "None"; VariantName = "[No Variations]"
Add component (AddParameter): Name = "Purchase-URL"; Value = "https://pricing.snapeda.com/search/part/1N4001G/?ref=eda"; VariantName = "[No Variations]"
Add component (AddParameter): Name = "SnapEDA_Link"; Value = "https://www.snapeda.com/parts/1N4001G/Taiwan+Semiconductor/view-part/?ref=snap"; VariantName = "[No Variations]"
Add component (AddParameter): Name = "Value"; Value = ""; VariantName = "[No Variations]"
Added Component: Designator=HS1(heatsink_HS_6835)
Added Component: Designator=HS2(heatsink_HS_6835)
Added Component: Designator=P6(2_conn_NC)
Add component (AddParameter): Name = "Availability"; Value = "In Stock"; VariantName = "[No Variations]"
Add component (AddParameter): Name = "Check_prices"; Value = "https://www.snapeda.com/parts/S2B-PH-SM4-TB/JST+Sales+America+Inc./view-part/?ref=eda"; VariantName = "[No Variations]"
Add component (AddParameter): Name = "MF"; Value = "JST Sales"; VariantName = "[No Variations]"
Add component (AddParameter): Name = "MP"; Value = "S2B-PH-SM4-TB"; VariantName = "[No Variations]"
Add component (AddParameter): Name = "Package"; Value = "None"; VariantName = "[No Variations]"
Add component (AddParameter): Name = "Price"; Value = "None"; VariantName = "[No Variations]"
Add component (AddParameter): Name = "Purchase-URL"; Value = "https://pricing.snapeda.com/search/part/S2B-PH-SM4-TB/?ref=eda"; VariantName = "[No Variations]"
Add component (AddParameter): Name = "SnapEDA_Link"; Value = "https://www.snapeda.com/parts/S2B-PH-SM4-TB/JST+Sales+America+Inc./view-part/?ref=snap"; VariantName = "[No Variations]"
Add component (AddParameter): Name = "Value"; Value = ""; VariantName = "[No Variations]"
Added Component: Designator=P7(2_conn_NC)
Add component (AddParameter): Name = "Availability"; Value = "In Stock"; VariantName = "[No Variations]"
Add component (AddParameter): Name = "Check_prices"; Value = "https://www.snapeda.com/parts/S2B-PH-SM4-TB/JST+Sales+America+Inc./view-part/?ref=eda"; VariantName = "[No Variations]"
Add component (AddParameter): Name = "MF"; Value = "JST Sales"; VariantName = "[No Variations]"
Add component (AddParameter): Name = "MP"; Value = "S2B-PH-SM4-TB"; VariantName = "[No Variations]"
Add component (AddParameter): Name = "Package"; Value = "None"; VariantName = "[No Variations]"
Add component (AddParameter): Name = "Price"; Value = "None"; VariantName = "[No Variations]"
Add component (AddParameter): Name = "Purchase-URL"; Value = "https://pricing.snapeda.com/search/part/S2B-PH-SM4-TB/?ref=eda"; VariantName = "[No Variations]"
Add component (AddParameter): Name = "SnapEDA_Link"; Value = "https://www.snapeda.com/parts/S2B-PH-SM4-TB/JST+Sales+America+Inc./view-part/?ref=snap"; VariantName = "[No Variations]"
Add component (AddParameter): Name = "Value"; Value = ""; VariantName = "[No Variations]"
Added Component: Designator=P8(2_conn_NC)
Add component (AddParameter): Name = "Availability"; Value = "In Stock"; VariantName = "[No Variations]"
Add component (AddParameter): Name = "Check_prices"; Value = "https://www.snapeda.com/parts/S2B-PH-SM4-TB/JST+Sales+America+Inc./view-part/?ref=eda"; VariantName = "[No Variations]"
Add component (AddParameter): Name = "MF"; Value = "JST Sales"; VariantName = "[No Variations]"
Add component (AddParameter): Name = "MP"; Value = "S2B-PH-SM4-TB"; VariantName = "[No Variations]"
Add component (AddParameter): Name = "Package"; Value = "None"; VariantName = "[No Variations]"
Add component (AddParameter): Name = "Price"; Value = "None"; VariantName = "[No Variations]"
Add component (AddParameter): Name = "Purchase-URL"; Value = "https://pricing.snapeda.com/search/part/S2B-PH-SM4-TB/?ref=eda"; VariantName = "[No Variations]"
Add component (AddParameter): Name = "SnapEDA_Link"; Value = "https://www.snapeda.com/parts/S2B-PH-SM4-TB/JST+Sales+America+Inc./view-part/?ref=snap"; VariantName = "[No Variations]"
Add component (AddParameter): Name = "Value"; Value = ""; VariantName = "[No Variations]"
Added Component: Designator=P9(2_conn_NC)
Add component (AddParameter): Name = "Availability"; Value = "In Stock"; VariantName = "[No Variations]"
Add component (AddParameter): Name = "Check_prices"; Value = "https://www.snapeda.com/parts/S2B-PH-SM4-TB/JST+Sales+America+Inc./view-part/?ref=eda"; VariantName = "[No Variations]"
Add component (AddParameter): Name = "MF"; Value = "JST Sales"; VariantName = "[No Variations]"
Add component (AddParameter): Name = "MP"; Value = "S2B-PH-SM4-TB"; VariantName = "[No Variations]"
Add component (AddParameter): Name = "Package"; Value = "None"; VariantName = "[No Variations]"
Add component (AddParameter): Name = "Price"; Value = "None"; VariantName = "[No Variations]"
Add component (AddParameter): Name = "Purchase-URL"; Value = "https://pricing.snapeda.com/search/part/S2B-PH-SM4-TB/?ref=eda"; VariantName = "[No Variations]"
Add component (AddParameter): Name = "SnapEDA_Link"; Value = "https://www.snapeda.com/parts/S2B-PH-SM4-TB/JST+Sales+America+Inc./view-part/?ref=snap"; VariantName = "[No Variations]"
Add component (AddParameter): Name = "Value"; Value = ""; VariantName = "[No Variations]"
Added Component: Designator=P10(2_conn_NC)
Add component (AddParameter): Name = "Availability"; Value = "In Stock"; VariantName = "[No Variations]"
Add component (AddParameter): Name = "Check_prices"; Value = "https://www.snapeda.com/parts/S2B-PH-SM4-TB/JST+Sales+America+Inc./view-part/?ref=eda"; VariantName = "[No Variations]"
Add component (AddParameter): Name = "MF"; Value = "JST Sales"; VariantName = "[No Variations]"
Add component (AddParameter): Name = "MP"; Value = "S2B-PH-SM4-TB"; VariantName = "[No Variations]"
Add component (AddParameter): Name = "Package"; Value = "None"; VariantName = "[No Variations]"
Add component (AddParameter): Name = "Price"; Value = "None"; VariantName = "[No Variations]"
Add component (AddParameter): Name = "Purchase-URL"; Value = "https://pricing.snapeda.com/search/part/S2B-PH-SM4-TB/?ref=eda"; VariantName = "[No Variations]"
Add component (AddParameter): Name = "SnapEDA_Link"; Value = "https://www.snapeda.com/parts/S2B-PH-SM4-TB/JST+Sales+America+Inc./view-part/?ref=snap"; VariantName = "[No Variations]"
Add component (AddParameter): Name = "Value"; Value = ""; VariantName = "[No Variations]"
Added Component: Designator=Q1(TO254P1009X445X1985-3)
Add component (AddParameter): Name = "Availability"; Value = "In Stock"; VariantName = "[No Variations]"
Add component (AddParameter): Name = "Check_prices"; Value = "https://www.snapeda.com/parts/TIP50/Onsemi/view-part/?ref=eda"; VariantName = "[No Variations]"
Add component (AddParameter): Name = "MF"; Value = "ON Semiconductor"; VariantName = "[No Variations]"
Add component (AddParameter): Name = "MP"; Value = "TIP50"; VariantName = "[No Variations]"
Add component (AddParameter): Name = "Package"; Value = "TO-220-3 onsemi"; VariantName = "[No Variations]"
Add component (AddParameter): Name = "Price"; Value = "None"; VariantName = "[No Variations]"
Add component (AddParameter): Name = "Purchase-URL"; Value = "https://pricing.snapeda.com/search/part/TIP50/?ref=eda"; VariantName = "[No Variations]"
Add component (AddParameter): Name = "SnapEDA_Link"; Value = "https://www.snapeda.com/parts/TIP50/Onsemi/view-part/?ref=snap"; VariantName = "[No Variations]"
Add component (AddParameter): Name = "Value"; Value = ""; VariantName = "[No Variations]"
Added Component: Designator=Q2(TO254P1009X445X1985-3)
Add component (AddParameter): Name = "Availability"; Value = "In Stock"; VariantName = "[No Variations]"
Add component (AddParameter): Name = "Check_prices"; Value = "https://www.snapeda.com/parts/TIP50/Onsemi/view-part/?ref=eda"; VariantName = "[No Variations]"
Add component (AddParameter): Name = "MF"; Value = "ON Semiconductor"; VariantName = "[No Variations]"
Add component (AddParameter): Name = "MP"; Value = "TIP50"; VariantName = "[No Variations]"
Add component (AddParameter): Name = "Package"; Value = "TO-220-3 onsemi"; VariantName = "[No Variations]"
Add component (AddParameter): Name = "Price"; Value = "None"; VariantName = "[No Variations]"
Add component (AddParameter): Name = "Purchase-URL"; Value = "https://pricing.snapeda.com/search/part/TIP50/?ref=eda"; VariantName = "[No Variations]"
Add component (AddParameter): Name = "SnapEDA_Link"; Value = "https://www.snapeda.com/parts/TIP50/Onsemi/view-part/?ref=snap"; VariantName = "[No Variations]"
Add component (AddParameter): Name = "Value"; Value = ""; VariantName = "[No Variations]"
Added Component: Designator=Q3(TO254P1009X445X1985-3)
Add component (AddParameter): Name = "Availability"; Value = "In Stock"; VariantName = "[No Variations]"
Add component (AddParameter): Name = "Check_prices"; Value = "https://www.snapeda.com/parts/TIP50/Onsemi/view-part/?ref=eda"; VariantName = "[No Variations]"
Add component (AddParameter): Name = "MF"; Value = "ON Semiconductor"; VariantName = "[No Variations]"
Add component (AddParameter): Name = "MP"; Value = "TIP50"; VariantName = "[No Variations]"
Add component (AddParameter): Name = "Package"; Value = "TO-220-3 onsemi"; VariantName = "[No Variations]"
Add component (AddParameter): Name = "Price"; Value = "None"; VariantName = "[No Variations]"
Add component (AddParameter): Name = "Purchase-URL"; Value = "https://pricing.snapeda.com/search/part/TIP50/?ref=eda"; VariantName = "[No Variations]"
Add component (AddParameter): Name = "SnapEDA_Link"; Value = "https://www.snapeda.com/parts/TIP50/Onsemi/view-part/?ref=snap"; VariantName = "[No Variations]"
Add component (AddParameter): Name = "Value"; Value = ""; VariantName = "[No Variations]"
Added Component: Designator=Q4(TO254P1009X445X1985-3)
Add component (AddParameter): Name = "Availability"; Value = "In Stock"; VariantName = "[No Variations]"
Add component (AddParameter): Name = "Check_prices"; Value = "https://www.snapeda.com/parts/TIP50/Onsemi/view-part/?ref=eda"; VariantName = "[No Variations]"
Add component (AddParameter): Name = "MF"; Value = "ON Semiconductor"; VariantName = "[No Variations]"
Add component (AddParameter): Name = "MP"; Value = "TIP50"; VariantName = "[No Variations]"
Add component (AddParameter): Name = "Package"; Value = "TO-220-3 onsemi"; VariantName = "[No Variations]"
Add component (AddParameter): Name = "Price"; Value = "None"; VariantName = "[No Variations]"
Add component (AddParameter): Name = "Purchase-URL"; Value = "https://pricing.snapeda.com/search/part/TIP50/?ref=eda"; VariantName = "[No Variations]"
Add component (AddParameter): Name = "SnapEDA_Link"; Value = "https://www.snapeda.com/parts/TIP50/Onsemi/view-part/?ref=snap"; VariantName = "[No Variations]"
Add component (AddParameter): Name = "Value"; Value = ""; VariantName = "[No Variations]"
Added Component: Designator=R1(RES_2W_vertical)
Add component (AddParameter): Name = "Author"; Value = "colombari"; VariantName = "[No Variations]"
Add component (AddParameter): Name = "ComponentLink1Description"; Value = "Datasheet"; VariantName = "[No Variations]"
Add component (AddParameter): Name = "ComponentLink1URL"; Value = "N.A."; VariantName = "[No Variations]"
Add component (AddParameter): Name = "ComponentLink2Description"; Value = "Supplier link"; VariantName = "[No Variations]"
Add component (AddParameter): Name = "ComponentLink2URL"; Value = "N.A."; VariantName = "[No Variations]"
Add component (AddParameter): Name = "Part Number"; Value = "R2W"; VariantName = "[No Variations]"
Add component (AddParameter): Name = "Value"; Value = "100K"; VariantName = "[No Variations]"
Added Component: Designator=R2(RES_2W_vertical)
Add component (AddParameter): Name = "Author"; Value = "colombari"; VariantName = "[No Variations]"
Add component (AddParameter): Name = "ComponentLink1Description"; Value = "Datasheet"; VariantName = "[No Variations]"
Add component (AddParameter): Name = "ComponentLink1URL"; Value = "N.A."; VariantName = "[No Variations]"
Add component (AddParameter): Name = "ComponentLink2Description"; Value = "Supplier link"; VariantName = "[No Variations]"
Add component (AddParameter): Name = "ComponentLink2URL"; Value = "N.A."; VariantName = "[No Variations]"
Add component (AddParameter): Name = "Part Number"; Value = "R2W"; VariantName = "[No Variations]"
Add component (AddParameter): Name = "Value"; Value = "1k"; VariantName = "[No Variations]"
Added Component: Designator=R3(RES_2W_vertical)
Add component (AddParameter): Name = "Author"; Value = "colombari"; VariantName = "[No Variations]"
Add component (AddParameter): Name = "ComponentLink1Description"; Value = "Datasheet"; VariantName = "[No Variations]"
Add component (AddParameter): Name = "ComponentLink1URL"; Value = "N.A."; VariantName = "[No Variations]"
Add component (AddParameter): Name = "ComponentLink2Description"; Value = "Supplier link"; VariantName = "[No Variations]"
Add component (AddParameter): Name = "ComponentLink2URL"; Value = "N.A."; VariantName = "[No Variations]"
Add component (AddParameter): Name = "Part Number"; Value = "R2W"; VariantName = "[No Variations]"
Add component (AddParameter): Name = "Value"; Value = "1K5"; VariantName = "[No Variations]"
Added Component: Designator=R4(RES_2W_vertical)
Add component (AddParameter): Name = "Author"; Value = "colombari"; VariantName = "[No Variations]"
Add component (AddParameter): Name = "ComponentLink1Description"; Value = "Datasheet"; VariantName = "[No Variations]"
Add component (AddParameter): Name = "ComponentLink1URL"; Value = "N.A."; VariantName = "[No Variations]"
Add component (AddParameter): Name = "ComponentLink2Description"; Value = "Supplier link"; VariantName = "[No Variations]"
Add component (AddParameter): Name = "ComponentLink2URL"; Value = "N.A."; VariantName = "[No Variations]"
Add component (AddParameter): Name = "Part Number"; Value = "R2W"; VariantName = "[No Variations]"
Add component (AddParameter): Name = "Value"; Value = "10R"; VariantName = "[No Variations]"
Added Component: Designator=R5(RES_2W_vertical)
Add component (AddParameter): Name = "Author"; Value = "colombari"; VariantName = "[No Variations]"
Add component (AddParameter): Name = "ComponentLink1Description"; Value = "Datasheet"; VariantName = "[No Variations]"
Add component (AddParameter): Name = "ComponentLink1URL"; Value = "N.A."; VariantName = "[No Variations]"
Add component (AddParameter): Name = "ComponentLink2Description"; Value = "Supplier link"; VariantName = "[No Variations]"
Add component (AddParameter): Name = "ComponentLink2URL"; Value = "N.A."; VariantName = "[No Variations]"
Add component (AddParameter): Name = "Part Number"; Value = "R2W"; VariantName = "[No Variations]"
Add component (AddParameter): Name = "Value"; Value = "1K5"; VariantName = "[No Variations]"
Added Component: Designator=R6(RES_2W_vertical)
Add component (AddParameter): Name = "Author"; Value = "colombari"; VariantName = "[No Variations]"
Add component (AddParameter): Name = "ComponentLink1Description"; Value = "Datasheet"; VariantName = "[No Variations]"
Add component (AddParameter): Name = "ComponentLink1URL"; Value = "N.A."; VariantName = "[No Variations]"
Add component (AddParameter): Name = "ComponentLink2Description"; Value = "Supplier link"; VariantName = "[No Variations]"
Add component (AddParameter): Name = "ComponentLink2URL"; Value = "N.A."; VariantName = "[No Variations]"
Add component (AddParameter): Name = "Part Number"; Value = "R2W"; VariantName = "[No Variations]"
Add component (AddParameter): Name = "Value"; Value = "1k"; VariantName = "[No Variations]"
Added Component: Designator=R7(RES_2W_vertical)
Add component (AddParameter): Name = "Author"; Value = "colombari"; VariantName = "[No Variations]"
Add component (AddParameter): Name = "ComponentLink1Description"; Value = "Datasheet"; VariantName = "[No Variations]"
Add component (AddParameter): Name = "ComponentLink1URL"; Value = "N.A."; VariantName = "[No Variations]"
Add component (AddParameter): Name = "ComponentLink2Description"; Value = "Supplier link"; VariantName = "[No Variations]"
Add component (AddParameter): Name = "ComponentLink2URL"; Value = "N.A."; VariantName = "[No Variations]"
Add component (AddParameter): Name = "Part Number"; Value = "R2W"; VariantName = "[No Variations]"
Add component (AddParameter): Name = "Value"; Value = "2R7"; VariantName = "[No Variations]"
Added Component: Designator=R8(RES_2W_vertical)
Add component (AddParameter): Name = "Author"; Value = "colombari"; VariantName = "[No Variations]"
Add component (AddParameter): Name = "ComponentLink1Description"; Value = "Datasheet"; VariantName = "[No Variations]"
Add component (AddParameter): Name = "ComponentLink1URL"; Value = "N.A."; VariantName = "[No Variations]"
Add component (AddParameter): Name = "ComponentLink2Description"; Value = "Supplier link"; VariantName = "[No Variations]"
Add component (AddParameter): Name = "ComponentLink2URL"; Value = "N.A."; VariantName = "[No Variations]"
Add component (AddParameter): Name = "Part Number"; Value = "R2W"; VariantName = "[No Variations]"
Add component (AddParameter): Name = "Value"; Value = "150R"; VariantName = "[No Variations]"
Added Component: Designator=R9(RES_2W_vertical)
Add component (AddParameter): Name = "Author"; Value = "colombari"; VariantName = "[No Variations]"
Add component (AddParameter): Name = "ComponentLink1Description"; Value = "Datasheet"; VariantName = "[No Variations]"
Add component (AddParameter): Name = "ComponentLink1URL"; Value = "N.A."; VariantName = "[No Variations]"
Add component (AddParameter): Name = "ComponentLink2Description"; Value = "Supplier link"; VariantName = "[No Variations]"
Add component (AddParameter): Name = "ComponentLink2URL"; Value = "N.A."; VariantName = "[No Variations]"
Add component (AddParameter): Name = "Part Number"; Value = "R2W"; VariantName = "[No Variations]"
Add component (AddParameter): Name = "Value"; Value = "100R"; VariantName = "[No Variations]"
Added Component: Designator=R10(RES_2W_vertical)
Add component (AddParameter): Name = "Author"; Value = "colombari"; VariantName = "[No Variations]"
Add component (AddParameter): Name = "ComponentLink1Description"; Value = "Datasheet"; VariantName = "[No Variations]"
Add component (AddParameter): Name = "ComponentLink1URL"; Value = "N.A."; VariantName = "[No Variations]"
Add component (AddParameter): Name = "ComponentLink2Description"; Value = "Supplier link"; VariantName = "[No Variations]"
Add component (AddParameter): Name = "ComponentLink2URL"; Value = "N.A."; VariantName = "[No Variations]"
Add component (AddParameter): Name = "Part Number"; Value = "R2W"; VariantName = "[No Variations]"
Add component (AddParameter): Name = "Value"; Value = "36K"; VariantName = "[No Variations]"
Added Component: Designator=R11(RES_2W_vertical)
Add component (AddParameter): Name = "Author"; Value = "colombari"; VariantName = "[No Variations]"
Add component (AddParameter): Name = "ComponentLink1Description"; Value = "Datasheet"; VariantName = "[No Variations]"
Add component (AddParameter): Name = "ComponentLink1URL"; Value = "N.A."; VariantName = "[No Variations]"
Add component (AddParameter): Name = "ComponentLink2Description"; Value = "Supplier link"; VariantName = "[No Variations]"
Add component (AddParameter): Name = "ComponentLink2URL"; Value = "N.A."; VariantName = "[No Variations]"
Add component (AddParameter): Name = "Part Number"; Value = "R2W"; VariantName = "[No Variations]"
Add component (AddParameter): Name = "Value"; Value = "36K"; VariantName = "[No Variations]"
Added Component: Designator=R12(RES_2W_vertical)
Add component (AddParameter): Name = "Author"; Value = "colombari"; VariantName = "[No Variations]"
Add component (AddParameter): Name = "ComponentLink1Description"; Value = "Datasheet"; VariantName = "[No Variations]"
Add component (AddParameter): Name = "ComponentLink1URL"; Value = "N.A."; VariantName = "[No Variations]"
Add component (AddParameter): Name = "ComponentLink2Description"; Value = "Supplier link"; VariantName = "[No Variations]"
Add component (AddParameter): Name = "ComponentLink2URL"; Value = "N.A."; VariantName = "[No Variations]"
Add component (AddParameter): Name = "Part Number"; Value = "R2W"; VariantName = "[No Variations]"
Add component (AddParameter): Name = "Value"; Value = "NC"; VariantName = "[No Variations]"
Added Component: Designator=R13(RES_2W_vertical)
Add component (AddParameter): Name = "Author"; Value = "colombari"; VariantName = "[No Variations]"
Add component (AddParameter): Name = "ComponentLink1Description"; Value = "Datasheet"; VariantName = "[No Variations]"
Add component (AddParameter): Name = "ComponentLink1URL"; Value = "N.A."; VariantName = "[No Variations]"
Add component (AddParameter): Name = "ComponentLink2Description"; Value = "Supplier link"; VariantName = "[No Variations]"
Add component (AddParameter): Name = "ComponentLink2URL"; Value = "N.A."; VariantName = "[No Variations]"
Add component (AddParameter): Name = "Part Number"; Value = "R2W"; VariantName = "[No Variations]"
Add component (AddParameter): Name = "Value"; Value = "NC"; VariantName = "[No Variations]"
Added Component: Designator=R14(RES_2W_vertical)
Add component (AddParameter): Name = "Author"; Value = "colombari"; VariantName = "[No Variations]"
Add component (AddParameter): Name = "ComponentLink1Description"; Value = "Datasheet"; VariantName = "[No Variations]"
Add component (AddParameter): Name = "ComponentLink1URL"; Value = "N.A."; VariantName = "[No Variations]"
Add component (AddParameter): Name = "ComponentLink2Description"; Value = "Supplier link"; VariantName = "[No Variations]"
Add component (AddParameter): Name = "ComponentLink2URL"; Value = "N.A."; VariantName = "[No Variations]"
Add component (AddParameter): Name = "Part Number"; Value = "R2W"; VariantName = "[No Variations]"
Add component (AddParameter): Name = "Value"; Value = "36K"; VariantName = "[No Variations]"
Added Component: Designator=R15(RES_2W_vertical)
Add component (AddParameter): Name = "Author"; Value = "colombari"; VariantName = "[No Variations]"
Add component (AddParameter): Name = "ComponentLink1Description"; Value = "Datasheet"; VariantName = "[No Variations]"
Add component (AddParameter): Name = "ComponentLink1URL"; Value = "N.A."; VariantName = "[No Variations]"
Add component (AddParameter): Name = "ComponentLink2Description"; Value = "Supplier link"; VariantName = "[No Variations]"
Add component (AddParameter): Name = "ComponentLink2URL"; Value = "N.A."; VariantName = "[No Variations]"
Add component (AddParameter): Name = "Part Number"; Value = "R2W"; VariantName = "[No Variations]"
Add component (AddParameter): Name = "Value"; Value = "36K"; VariantName = "[No Variations]"
Added Component: Designator=R16(RES_2W_vertical)
Add component (AddParameter): Name = "Author"; Value = "colombari"; VariantName = "[No Variations]"
Add component (AddParameter): Name = "ComponentLink1Description"; Value = "Datasheet"; VariantName = "[No Variations]"
Add component (AddParameter): Name = "ComponentLink1URL"; Value = "N.A."; VariantName = "[No Variations]"
Add component (AddParameter): Name = "ComponentLink2Description"; Value = "Supplier link"; VariantName = "[No Variations]"
Add component (AddParameter): Name = "ComponentLink2URL"; Value = "N.A."; VariantName = "[No Variations]"
Add component (AddParameter): Name = "Part Number"; Value = "R2W"; VariantName = "[No Variations]"
Add component (AddParameter): Name = "Value"; Value = "100K"; VariantName = "[No Variations]"
Added Component: Designator=R17(RES_2W_vertical)
Add component (AddParameter): Name = "Author"; Value = "colombari"; VariantName = "[No Variations]"
Add component (AddParameter): Name = "ComponentLink1Description"; Value = "Datasheet"; VariantName = "[No Variations]"
Add component (AddParameter): Name = "ComponentLink1URL"; Value = "N.A."; VariantName = "[No Variations]"
Add component (AddParameter): Name = "ComponentLink2Description"; Value = "Supplier link"; VariantName = "[No Variations]"
Add component (AddParameter): Name = "ComponentLink2URL"; Value = "N.A."; VariantName = "[No Variations]"
Add component (AddParameter): Name = "Part Number"; Value = "R2W"; VariantName = "[No Variations]"
Add component (AddParameter): Name = "Value"; Value = "1k"; VariantName = "[No Variations]"
Added Component: Designator=R18(RES_2W_vertical)
Add component (AddParameter): Name = "Author"; Value = "colombari"; VariantName = "[No Variations]"
Add component (AddParameter): Name = "ComponentLink1Description"; Value = "Datasheet"; VariantName = "[No Variations]"
Add component (AddParameter): Name = "ComponentLink1URL"; Value = "N.A."; VariantName = "[No Variations]"
Add component (AddParameter): Name = "ComponentLink2Description"; Value = "Supplier link"; VariantName = "[No Variations]"
Add component (AddParameter): Name = "ComponentLink2URL"; Value = "N.A."; VariantName = "[No Variations]"
Add component (AddParameter): Name = "Part Number"; Value = "R2W"; VariantName = "[No Variations]"
Add component (AddParameter): Name = "Value"; Value = "10R"; VariantName = "[No Variations]"
Added Component: Designator=R19(RES_2W_vertical)
Add component (AddParameter): Name = "Author"; Value = "colombari"; VariantName = "[No Variations]"
Add component (AddParameter): Name = "ComponentLink1Description"; Value = "Datasheet"; VariantName = "[No Variations]"
Add component (AddParameter): Name = "ComponentLink1URL"; Value = "N.A."; VariantName = "[No Variations]"
Add component (AddParameter): Name = "ComponentLink2Description"; Value = "Supplier link"; VariantName = "[No Variations]"
Add component (AddParameter): Name = "ComponentLink2URL"; Value = "N.A."; VariantName = "[No Variations]"
Add component (AddParameter): Name = "Part Number"; Value = "R2W"; VariantName = "[No Variations]"
Add component (AddParameter): Name = "Value"; Value = "1K5"; VariantName = "[No Variations]"
Added Component: Designator=R20(RES_2W_vertical)
Add component (AddParameter): Name = "Author"; Value = "colombari"; VariantName = "[No Variations]"
Add component (AddParameter): Name = "ComponentLink1Description"; Value = "Datasheet"; VariantName = "[No Variations]"
Add component (AddParameter): Name = "ComponentLink1URL"; Value = "N.A."; VariantName = "[No Variations]"
Add component (AddParameter): Name = "ComponentLink2Description"; Value = "Supplier link"; VariantName = "[No Variations]"
Add component (AddParameter): Name = "ComponentLink2URL"; Value = "N.A."; VariantName = "[No Variations]"
Add component (AddParameter): Name = "Part Number"; Value = "R2W"; VariantName = "[No Variations]"
Add component (AddParameter): Name = "Value"; Value = "1k"; VariantName = "[No Variations]"
Added Component: Designator=R21(RES_2W_vertical)
Add component (AddParameter): Name = "Author"; Value = "colombari"; VariantName = "[No Variations]"
Add component (AddParameter): Name = "ComponentLink1Description"; Value = "Datasheet"; VariantName = "[No Variations]"
Add component (AddParameter): Name = "ComponentLink1URL"; Value = "N.A."; VariantName = "[No Variations]"
Add component (AddParameter): Name = "ComponentLink2Description"; Value = "Supplier link"; VariantName = "[No Variations]"
Add component (AddParameter): Name = "ComponentLink2URL"; Value = "N.A."; VariantName = "[No Variations]"
Add component (AddParameter): Name = "Part Number"; Value = "R2W"; VariantName = "[No Variations]"
Add component (AddParameter): Name = "Value"; Value = "2R7"; VariantName = "[No Variations]"
Added Component: Designator=R22(RES_2W_vertical)
Add component (AddParameter): Name = "Author"; Value = "colombari"; VariantName = "[No Variations]"
Add component (AddParameter): Name = "ComponentLink1Description"; Value = "Datasheet"; VariantName = "[No Variations]"
Add component (AddParameter): Name = "ComponentLink1URL"; Value = "N.A."; VariantName = "[No Variations]"
Add component (AddParameter): Name = "ComponentLink2Description"; Value = "Supplier link"; VariantName = "[No Variations]"
Add component (AddParameter): Name = "ComponentLink2URL"; Value = "N.A."; VariantName = "[No Variations]"
Add component (AddParameter): Name = "Part Number"; Value = "R2W"; VariantName = "[No Variations]"
Add component (AddParameter): Name = "Value"; Value = "100R"; VariantName = "[No Variations]"
Added Component: Designator=R23(RES_2W_vertical)
Add component (AddParameter): Name = "Author"; Value = "colombari"; VariantName = "[No Variations]"
Add component (AddParameter): Name = "ComponentLink1Description"; Value = "Datasheet"; VariantName = "[No Variations]"
Add component (AddParameter): Name = "ComponentLink1URL"; Value = "N.A."; VariantName = "[No Variations]"
Add component (AddParameter): Name = "ComponentLink2Description"; Value = "Supplier link"; VariantName = "[No Variations]"
Add component (AddParameter): Name = "ComponentLink2URL"; Value = "N.A."; VariantName = "[No Variations]"
Add component (AddParameter): Name = "Part Number"; Value = "R2W"; VariantName = "[No Variations]"
Add component (AddParameter): Name = "Value"; Value = "36K"; VariantName = "[No Variations]"
Added Component: Designator=R24(RES_2W_vertical)
Add component (AddParameter): Name = "Author"; Value = "colombari"; VariantName = "[No Variations]"
Add component (AddParameter): Name = "ComponentLink1Description"; Value = "Datasheet"; VariantName = "[No Variations]"
Add component (AddParameter): Name = "ComponentLink1URL"; Value = "N.A."; VariantName = "[No Variations]"
Add component (AddParameter): Name = "ComponentLink2Description"; Value = "Supplier link"; VariantName = "[No Variations]"
Add component (AddParameter): Name = "ComponentLink2URL"; Value = "N.A."; VariantName = "[No Variations]"
Add component (AddParameter): Name = "Part Number"; Value = "R2W"; VariantName = "[No Variations]"
Add component (AddParameter): Name = "Value"; Value = "36K"; VariantName = "[No Variations]"
Added Component: Designator=R25(RES_2W_vertical)
Add component (AddParameter): Name = "Author"; Value = "colombari"; VariantName = "[No Variations]"
Add component (AddParameter): Name = "ComponentLink1Description"; Value = "Datasheet"; VariantName = "[No Variations]"
Add component (AddParameter): Name = "ComponentLink1URL"; Value = "N.A."; VariantName = "[No Variations]"
Add component (AddParameter): Name = "ComponentLink2Description"; Value = "Supplier link"; VariantName = "[No Variations]"
Add component (AddParameter): Name = "ComponentLink2URL"; Value = "N.A."; VariantName = "[No Variations]"
Add component (AddParameter): Name = "Part Number"; Value = "R2W"; VariantName = "[No Variations]"
Add component (AddParameter): Name = "Value"; Value = "NC"; VariantName = "[No Variations]"
Added Component: Designator=R26(RES_2W_vertical)
Add component (AddParameter): Name = "Author"; Value = "colombari"; VariantName = "[No Variations]"
Add component (AddParameter): Name = "ComponentLink1Description"; Value = "Datasheet"; VariantName = "[No Variations]"
Add component (AddParameter): Name = "ComponentLink1URL"; Value = "N.A."; VariantName = "[No Variations]"
Add component (AddParameter): Name = "ComponentLink2Description"; Value = "Supplier link"; VariantName = "[No Variations]"
Add component (AddParameter): Name = "ComponentLink2URL"; Value = "N.A."; VariantName = "[No Variations]"
Add component (AddParameter): Name = "Part Number"; Value = "R2W"; VariantName = "[No Variations]"
Add component (AddParameter): Name = "Value"; Value = "NC"; VariantName = "[No Variations]"
Added Component: Designator=R27(RES_2W_vertical)
Add component (AddParameter): Name = "Author"; Value = "colombari"; VariantName = "[No Variations]"
Add component (AddParameter): Name = "ComponentLink1Description"; Value = "Datasheet"; VariantName = "[No Variations]"
Add component (AddParameter): Name = "ComponentLink1URL"; Value = "N.A."; VariantName = "[No Variations]"
Add component (AddParameter): Name = "ComponentLink2Description"; Value = "Supplier link"; VariantName = "[No Variations]"
Add component (AddParameter): Name = "ComponentLink2URL"; Value = "N.A."; VariantName = "[No Variations]"
Add component (AddParameter): Name = "Part Number"; Value = "R2W"; VariantName = "[No Variations]"
Add component (AddParameter): Name = "Value"; Value = "36K"; VariantName = "[No Variations]"
Added Component: Designator=R28(RES_2W_vertical)
Add component (AddParameter): Name = "Author"; Value = "colombari"; VariantName = "[No Variations]"
Add component (AddParameter): Name = "ComponentLink1Description"; Value = "Datasheet"; VariantName = "[No Variations]"
Add component (AddParameter): Name = "ComponentLink1URL"; Value = "N.A."; VariantName = "[No Variations]"
Add component (AddParameter): Name = "ComponentLink2Description"; Value = "Supplier link"; VariantName = "[No Variations]"
Add component (AddParameter): Name = "ComponentLink2URL"; Value = "N.A."; VariantName = "[No Variations]"
Add component (AddParameter): Name = "Part Number"; Value = "R2W"; VariantName = "[No Variations]"
Add component (AddParameter): Name = "Value"; Value = "36K"; VariantName = "[No Variations]"
Added Component: Designator=RV1(TRIM_PV36W204C01B00 - duplicate)
Add component (AddParameter): Name = "Check_prices"; Value = "https://www.snapeda.com/parts/PV36W204C01B00./Bourns/view-part/?ref=eda"; VariantName = "[No Variations]"
Add component (AddParameter): Name = "MF"; Value = "Bourns Electronics"; VariantName = "[No Variations]"
Add component (AddParameter): Name = "MP"; Value = "PV36W204C01B00."; VariantName = "[No Variations]"
Add component (AddParameter): Name = "Package"; Value = "None"; VariantName = "[No Variations]"
Add component (AddParameter): Name = "SnapEDA_Link"; Value = "https://www.snapeda.com/parts/PV36W204C01B00./Bourns/view-part/?ref=snap"; VariantName = "[No Variations]"
Add component (AddParameter): Name = "Value"; Value = "100R"; VariantName = "[No Variations]"
Added Component: Designator=VR1(TO228P991X255-3N)
Add component (AddParameter): Name = "Availability"; Value = "Unavailable"; VariantName = "[No Variations]"
Add component (AddParameter): Name = "MF"; Value = ""; VariantName = "[No Variations]"
Add component (AddParameter): Name = "MP"; Value = "LM317AMDT/NOPB"; VariantName = "[No Variations]"
Add component (AddParameter): Name = "Package"; Value = "None"; VariantName = "[No Variations]"
Add component (AddParameter): Name = "Price"; Value = "None"; VariantName = "[No Variations]"
Add component (AddParameter): Name = "Value"; Value = ""; VariantName = "[No Variations]"
Added Component: Designator=VR2(TO228P991X255-3N)
Add component (AddParameter): Name = "Availability"; Value = "Unavailable"; VariantName = "[No Variations]"
Add component (AddParameter): Name = "MF"; Value = ""; VariantName = "[No Variations]"
Add component (AddParameter): Name = "MP"; Value = "LM317AMDT/NOPB"; VariantName = "[No Variations]"
Add component (AddParameter): Name = "Package"; Value = "None"; VariantName = "[No Variations]"
Add component (AddParameter): Name = "Price"; Value = "None"; VariantName = "[No Variations]"
Add component (AddParameter): Name = "Value"; Value = ""; VariantName = "[No Variations]"
Added Pin To Net: NetName=Net*1_2 Pin=*1-2
Added Pin To Net: NetName=Net*1_3 Pin=*1-3
Added Pin To Net: NetName=Net*2_2 Pin=*2-2
Added Pin To Net: NetName=Net*2_3 Pin=*2-3
Added Pin To Net: NetName=NetB1_1 Pin=B1-1
Added Pin To Net: NetName=MAIDA_GRID_IN Pin=B1-2
Added Pin To Net: NetName=VGG Pin=B1-3
Added Pin To Net: NetName=GND Pin=C1-1
Added Pin To Net: NetName=MAIDA_IN Pin=C1-2
Added Pin To Net: NetName=NetB1_1 Pin=C2-N
Added Pin To Net: NetName=GND Pin=C2-P
Added Pin To Net: NetName=VGG Pin=C3-N
Added Pin To Net: NetName=GND Pin=C3-P
Added Pin To Net: NetName=VGG Pin=C4-1
Added Pin To Net: NetName=GND Pin=C4-2
Added Pin To Net: NetName=GND Pin=C5-1
Added Pin To Net: NetName=VAA1 Pin=C5-2
Added Pin To Net: NetName=GND Pin=C6-1
Added Pin To Net: NetName=NetC6_2 Pin=C6-2
Added Pin To Net: NetName=GND Pin=C7-1
Added Pin To Net: NetName=NetC7_2 Pin=C7-2
Added Pin To Net: NetName=GND Pin=C8-1
Added Pin To Net: NetName=MAIDA_IN Pin=C8-2
Added Pin To Net: NetName=GND Pin=C9-1
Added Pin To Net: NetName=VAA2 Pin=C9-2
Added Pin To Net: NetName=GND Pin=C10-N
Added Pin To Net: NetName=MAIDA_IN Pin=C10-P
Added Pin To Net: NetName=GND Pin=C11-1
Added Pin To Net: NetName=NetC11_2 Pin=C11-2
Added Pin To Net: NetName=GND Pin=C12-1
Added Pin To Net: NetName=NetC12_2 Pin=C12-2
Added Pin To Net: NetName=MAIDA_GRID_IN Pin=C13-N
Added Pin To Net: NetName=GND Pin=C13-P
Added Pin To Net: NetName=NetD1_1 Pin=D1-1
Added Pin To Net: NetName=VAA1 Pin=D1-2
Added Pin To Net: NetName=VGG Pin=D2-A
Added Pin To Net: NetName=NetB1_1 Pin=D2-C
Added Pin To Net: NetName=NetC7_2 Pin=D3-A
Added Pin To Net: NetName=VAA1 Pin=D3-C
Added Pin To Net: NetName=MAIDA_GRID_IN Pin=D4-A
Added Pin To Net: NetName=VGG Pin=D4-C
Added Pin To Net: NetName=GND Pin=D5-A
Added Pin To Net: NetName=TF_B+ Pin=D5-C
Added Pin To Net: NetName=TF_B+ Pin=D6-A
Added Pin To Net: NetName=MAIDA_IN Pin=D6-C
Added Pin To Net: NetName=NetD7_1 Pin=D7-1
Added Pin To Net: NetName=VAA2 Pin=D7-2
Added Pin To Net: NetName=GND Pin=D8-A
Added Pin To Net: NetName=TF_B- Pin=D8-C
Added Pin To Net: NetName=TF_B- Pin=D9-A
Added Pin To Net: NetName=MAIDA_IN Pin=D9-C
Added Pin To Net: NetName=NetC12_2 Pin=D10-A
Added Pin To Net: NetName=VAA2 Pin=D10-C
Added Pin To Net: NetName=MAIDA_GRID_IN Pin=D11-A
Added Pin To Net: NetName=TF_G+ Pin=D11-C
Added Pin To Net: NetName=TF_G+ Pin=D12-A
Added Pin To Net: NetName=GND Pin=D12-C
Added Pin To Net: NetName=MAIDA_GRID_IN Pin=D13-A
Added Pin To Net: NetName=TF_G- Pin=D13-C
Added Pin To Net: NetName=TF_G- Pin=D14-A
Added Pin To Net: NetName=GND Pin=D14-C
Added Pin To Net: NetName=VGG Pin=P6-1
Added Pin To Net: NetName=GND Pin=P6-2
Added Pin To Net: NetName=TF_B+ Pin=P7-1
Added Pin To Net: NetName=TF_B- Pin=P7-2
Added Pin To Net: NetName=VAA1 Pin=P8-1
Added Pin To Net: NetName=GND Pin=P8-2
Added Pin To Net: NetName=TF_G+ Pin=P9-1
Added Pin To Net: NetName=TF_G- Pin=P9-2
Added Pin To Net: NetName=VAA2 Pin=P10-1
Added Pin To Net: NetName=GND Pin=P10-2
Added Pin To Net: NetName=NetD1_1 Pin=Q1-1
Added Pin To Net: NetName=MAIDA_IN Pin=Q1-2
Added Pin To Net: NetName=NetQ1_3 Pin=Q1-3
Added Pin To Net: NetName=NetQ1_3 Pin=Q2-1
Added Pin To Net: NetName=MAIDA_IN Pin=Q2-2
Added Pin To Net: NetName=NetQ2_3 Pin=Q2-3
Added Pin To Net: NetName=NetD7_1 Pin=Q3-1
Added Pin To Net: NetName=MAIDA_IN Pin=Q3-2
Added Pin To Net: NetName=NetQ3_3 Pin=Q3-3
Added Pin To Net: NetName=NetQ3_3 Pin=Q4-1
Added Pin To Net: NetName=MAIDA_IN Pin=Q4-2
Added Pin To Net: NetName=NetQ4_3 Pin=Q4-3
Added Pin To Net: NetName=MAIDA_IN Pin=R1-1
Added Pin To Net: NetName=NetD1_1 Pin=R1-2
Added Pin To Net: NetName=NetQ2_3 Pin=R2-1
Added Pin To Net: NetName=NetQ1_3 Pin=R2-2
Added Pin To Net: NetName=NetB1_1 Pin=R3-1
Added Pin To Net: NetName=NetR3_2 Pin=R3-2
Added Pin To Net: NetName=NetR4_1 Pin=R4-1
Added Pin To Net: NetName=NetQ2_3 Pin=R4-2
Added Pin To Net: NetName=Net*1_2 Pin=R5-1
Added Pin To Net: NetName=VAA1 Pin=R5-2
Added Pin To Net: NetName=Net*1_3 Pin=R6-1
Added Pin To Net: NetName=VAA1 Pin=R6-2
Added Pin To Net: NetName=NetC6_2 Pin=R7-1
Added Pin To Net: NetName=VAA1 Pin=R7-2
Added Pin To Net: NetName=VGG Pin=R8-1
Added Pin To Net: NetName=NetB1_1 Pin=R8-2
Added Pin To Net: NetName=NetC7_2 Pin=R9-1
Added Pin To Net: NetName=Net*1_2 Pin=R9-2
Added Pin To Net: NetName=NetR10_1 Pin=R10-1
Added Pin To Net: NetName=Net*1_3 Pin=R10-2
Added Pin To Net: NetName=NetR10_1 Pin=R11-1
Added Pin To Net: NetName=Net*1_3 Pin=R11-2
Added Pin To Net: NetName=GND Pin=R12-1
Added Pin To Net: NetName=Net*1_3 Pin=R12-2
Added Pin To Net: NetName=GND Pin=R13-1
Added Pin To Net: NetName=Net*1_3 Pin=R13-2
Added Pin To Net: NetName=GND Pin=R14-1
Added Pin To Net: NetName=NetR10_1 Pin=R14-2
Added Pin To Net: NetName=GND Pin=R15-1
Added Pin To Net: NetName=NetR10_1 Pin=R15-2
Added Pin To Net: NetName=MAIDA_IN Pin=R16-1
Added Pin To Net: NetName=NetD7_1 Pin=R16-2
Added Pin To Net: NetName=NetQ4_3 Pin=R17-1
Added Pin To Net: NetName=NetQ3_3 Pin=R17-2
Added Pin To Net: NetName=NetR18_1 Pin=R18-1
Added Pin To Net: NetName=NetQ4_3 Pin=R18-2
Added Pin To Net: NetName=Net*2_2 Pin=R19-1
Added Pin To Net: NetName=VAA2 Pin=R19-2
Added Pin To Net: NetName=Net*2_3 Pin=R20-1
Added Pin To Net: NetName=VAA2 Pin=R20-2
Added Pin To Net: NetName=NetC11_2 Pin=R21-1
Added Pin To Net: NetName=VAA2 Pin=R21-2
Added Pin To Net: NetName=NetC12_2 Pin=R22-1
Added Pin To Net: NetName=Net*2_2 Pin=R22-2
Added Pin To Net: NetName=NetR23_1 Pin=R23-1
Added Pin To Net: NetName=Net*2_3 Pin=R23-2
Added Pin To Net: NetName=NetR23_1 Pin=R24-1
Added Pin To Net: NetName=Net*2_3 Pin=R24-2
Added Pin To Net: NetName=GND Pin=R25-1
Added Pin To Net: NetName=Net*2_3 Pin=R25-2
Added Pin To Net: NetName=GND Pin=R26-1
Added Pin To Net: NetName=Net*2_3 Pin=R26-2
Added Pin To Net: NetName=GND Pin=R27-1
Added Pin To Net: NetName=NetR23_1 Pin=R27-2
Added Pin To Net: NetName=GND Pin=R28-1
Added Pin To Net: NetName=NetR23_1 Pin=R28-2
Added Pin To Net: NetName=NetR3_2 Pin=RV1-1
Added Pin To Net: NetName=GND Pin=RV1-2
Added Pin To Net: NetName=GND Pin=RV1-3
Added Pin To Net: NetName=Net*1_2 Pin=VR1-1
Added Pin To Net: NetName=NetR4_1 Pin=VR1-3
Added Pin To Net: NetName=VAA1 Pin=VR1-4
Added Pin To Net: NetName=Net*2_2 Pin=VR2-1
Added Pin To Net: NetName=NetR18_1 Pin=VR2-3
Added Pin To Net: NetName=VAA2 Pin=VR2-4
Added Member To Class: ClassName=Gagabiro_POC_PSU_main Member=Component *1 LM329
Added Member To Class: ClassName=Gagabiro_POC_PSU_main Member=Component *2 LM329
Added Member To Class: ClassName=Gagabiro_POC_PSU_main Member=Component B1 LM337KVURG3
Added Member To Class: ClassName=Gagabiro_POC_PSU_main Member=Component C1 1uF
Added Member To Class: ClassName=Gagabiro_POC_PSU_main Member=Component C2 CAP_EL_47u_stand
Added Member To Class: ClassName=Gagabiro_POC_PSU_main Member=Component C3 CAP_EL_47u_stand
Added Member To Class: ClassName=Gagabiro_POC_PSU_main Member=Component C4 100nF
Added Member To Class: ClassName=Gagabiro_POC_PSU_main Member=Component C5 1uF
Added Member To Class: ClassName=Gagabiro_POC_PSU_main Member=Component C6 1uF
Added Member To Class: ClassName=Gagabiro_POC_PSU_main Member=Component C7 1uF
Added Member To Class: ClassName=Gagabiro_POC_PSU_main Member=Component C8 1uF
Added Member To Class: ClassName=Gagabiro_POC_PSU_main Member=Component C9 1uF
Added Member To Class: ClassName=Gagabiro_POC_PSU_main Member=Component C10 CAP_EL_220u_450V
Added Member To Class: ClassName=Gagabiro_POC_PSU_main Member=Component C11 1uF
Added Member To Class: ClassName=Gagabiro_POC_PSU_main Member=Component C12 1uF
Added Member To Class: ClassName=Gagabiro_POC_PSU_main Member=Component C13 CAP_EL_2200u_stand
Added Member To Class: ClassName=Gagabiro_POC_PSU_main Member=Component D1 1N4735A
Added Member To Class: ClassName=Gagabiro_POC_PSU_main Member=Component D2 1N4001G
Added Member To Class: ClassName=Gagabiro_POC_PSU_main Member=Component D3 1N4001G
Added Member To Class: ClassName=Gagabiro_POC_PSU_main Member=Component D4 1N4001G
Added Member To Class: ClassName=Gagabiro_POC_PSU_main Member=Component D5 1N4001G
Added Member To Class: ClassName=Gagabiro_POC_PSU_main Member=Component D6 1N4001G
Added Member To Class: ClassName=Gagabiro_POC_PSU_main Member=Component D7 1N4735A
Added Member To Class: ClassName=Gagabiro_POC_PSU_main Member=Component D8 1N4001G
Added Member To Class: ClassName=Gagabiro_POC_PSU_main Member=Component D9 1N4001G
Added Member To Class: ClassName=Gagabiro_POC_PSU_main Member=Component D10 1N4001G
Added Member To Class: ClassName=Gagabiro_POC_PSU_main Member=Component D11 1N4001G
Added Member To Class: ClassName=Gagabiro_POC_PSU_main Member=Component D12 1N4001G
Added Member To Class: ClassName=Gagabiro_POC_PSU_main Member=Component D13 1N4001G
Added Member To Class: ClassName=Gagabiro_POC_PSU_main Member=Component D14 1N4001G
Added Member To Class: ClassName=Gagabiro_POC_PSU_main Member=Component HS1 Heatsink
Added Member To Class: ClassName=Gagabiro_POC_PSU_main Member=Component HS2 Heatsink
Added Member To Class: ClassName=Gagabiro_POC_PSU_main Member=Component P6 2_conn_NC
Added Member To Class: ClassName=Gagabiro_POC_PSU_main Member=Component P7 2_conn_NC
Added Member To Class: ClassName=Gagabiro_POC_PSU_main Member=Component P8 2_conn_NC
Added Member To Class: ClassName=Gagabiro_POC_PSU_main Member=Component P9 2_conn_NC
Added Member To Class: ClassName=Gagabiro_POC_PSU_main Member=Component P10 2_conn_NC
Added Member To Class: ClassName=Gagabiro_POC_PSU_main Member=Component Q1 TIP50
Added Member To Class: ClassName=Gagabiro_POC_PSU_main Member=Component Q2 TIP50
Added Member To Class: ClassName=Gagabiro_POC_PSU_main Member=Component Q3 TIP50
Added Member To Class: ClassName=Gagabiro_POC_PSU_main Member=Component Q4 TIP50
Added Member To Class: ClassName=Gagabiro_POC_PSU_main Member=Component R1 100K
Added Member To Class: ClassName=Gagabiro_POC_PSU_main Member=Component R2 1k
Added Member To Class: ClassName=Gagabiro_POC_PSU_main Member=Component R3 1K5
Added Member To Class: ClassName=Gagabiro_POC_PSU_main Member=Component R4 10R
Added Member To Class: ClassName=Gagabiro_POC_PSU_main Member=Component R5 1K5
Added Member To Class: ClassName=Gagabiro_POC_PSU_main Member=Component R6 1k
Added Member To Class: ClassName=Gagabiro_POC_PSU_main Member=Component R7 2R7
Added Member To Class: ClassName=Gagabiro_POC_PSU_main Member=Component R8 150R
Added Member To Class: ClassName=Gagabiro_POC_PSU_main Member=Component R9 100R
Added Member To Class: ClassName=Gagabiro_POC_PSU_main Member=Component R10 36K
Added Member To Class: ClassName=Gagabiro_POC_PSU_main Member=Component R11 36K
Added Member To Class: ClassName=Gagabiro_POC_PSU_main Member=Component R12 NC
Added Member To Class: ClassName=Gagabiro_POC_PSU_main Member=Component R13 NC
Added Member To Class: ClassName=Gagabiro_POC_PSU_main Member=Component R14 36K
Added Member To Class: ClassName=Gagabiro_POC_PSU_main Member=Component R15 36K
Added Member To Class: ClassName=Gagabiro_POC_PSU_main Member=Component R16 100K
Added Member To Class: ClassName=Gagabiro_POC_PSU_main Member=Component R17 1k
Added Member To Class: ClassName=Gagabiro_POC_PSU_main Member=Component R18 10R
Added Member To Class: ClassName=Gagabiro_POC_PSU_main Member=Component R19 1K5
Added Member To Class: ClassName=Gagabiro_POC_PSU_main Member=Component R20 1k
Added Member To Class: ClassName=Gagabiro_POC_PSU_main Member=Component R21 2R7
Added Member To Class: ClassName=Gagabiro_POC_PSU_main Member=Component R22 100R
Added Member To Class: ClassName=Gagabiro_POC_PSU_main Member=Component R23 36K
Added Member To Class: ClassName=Gagabiro_POC_PSU_main Member=Component R24 36K
Added Member To Class: ClassName=Gagabiro_POC_PSU_main Member=Component R25 NC
Added Member To Class: ClassName=Gagabiro_POC_PSU_main Member=Component R26 NC
Added Member To Class: ClassName=Gagabiro_POC_PSU_main Member=Component R27 36K
Added Member To Class: ClassName=Gagabiro_POC_PSU_main Member=Component R28 36K
Added Member To Class: ClassName=Gagabiro_POC_PSU_main Member=Component RV1 TRIMMER_100R
Added Member To Class: ClassName=Gagabiro_POC_PSU_main Member=Component VR1 LM317AMDT/NOPB
Added Member To Class: ClassName=Gagabiro_POC_PSU_main Member=Component VR2 LM317AMDT/NOPB
