Add Component: Footprint Not Found TO92127P495H495-3
Add Component: Footprint Not Found TO92127P495H495-3
Add Component: Footprint Not Found LM337KVURG3
Add Component: Footprint Not Found CAP_panassonic_1u_450V
Add Component: Footprint Not Found CAPPRD500W50D630H1120_stand
Add Component: Footprint Not Found CAPPRD500W50D630H1120_stand
Add Component: Footprint Not Found CAP_panassonic_100n_450V
Add Component: Footprint Not Found CAP_panassonic_1u_450V
Add Component: Footprint Not Found CAP_panassonic_1u_450V
Add Component: Footprint Not Found CAP_panassonic_1u_450V
Add Component: Footprint Not Found CAP_panassonic_1u_450V
Add Component: Footprint Not Found CAP_panassonic_1u_450V
Add Component: Footprint Not Found CAPPRD500W50D630H1120_stand_25x50
Add Component: Footprint Not Found CAP_panassonic_1u_450V
Add Component: Footprint Not Found CAP_panassonic_1u_450V
Add Component: Footprint Not Found CAPPRD500W50D630H1120_stand_22x40
Add Component: Footprint Not Found DIOAD1036W78L463D272
Add Component: Footprint Not Found DIOAD1036W78L470D235
Add Component: Footprint Not Found DIOAD1036W78L470D235
Add Component: Footprint Not Found DIOAD1036W78L470D235
Add Component: Footprint Not Found DIOAD1036W78L470D235
Add Component: Footprint Not Found DIOAD1036W78L470D235
Add Component: Footprint Not Found DIOAD1036W78L463D272
Add Component: Footprint Not Found DIOAD1036W78L470D235
Add Component: Footprint Not Found DIOAD1036W78L470D235
Add Component: Footprint Not Found DIOAD1036W78L470D235
Add Component: Footprint Not Found DIOAD1036W78L470D235
Add Component: Footprint Not Found DIOAD1036W78L470D235
Add Component: Footprint Not Found DIOAD1036W78L470D235
Add Component: Footprint Not Found DIOAD1036W78L470D235
Add Component: Footprint Not Found heatsink_HS_6835
Add Component: Footprint Not Found heatsink_HS_6835
Added Component: Designator=P1(SAMTEC_MTMM-101-X-X-S-X)
Add component (AddParameter): Name = "Availability"; Value = "In Stock"; VariantName = "[No Variations]"
Add component (AddParameter): Name = "Check_prices"; Value = "https://www.snapeda.com/parts/S2B-PH-SM4-TB/JST+Sales+America+Inc./view-part/?ref=eda"; VariantName = "[No Variations]"
Add component (AddParameter): Name = "MF"; Value = "JST Sales"; VariantName = "[No Variations]"
Add component (AddParameter): Name = "MP"; Value = "S2B-PH-SM4-TB"; VariantName = "[No Variations]"
Add component (AddParameter): Name = "Package"; Value = "None"; VariantName = "[No Variations]"
Add component (AddParameter): Name = "Price"; Value = "None"; VariantName = "[No Variations]"
Add component (AddParameter): Name = "Purchase-URL"; Value = "https://pricing.snapeda.com/search/part/S2B-PH-SM4-TB/?ref=eda"; VariantName = "[No Variations]"
Add component (AddParameter): Name = "SnapEDA_Link"; Value = "https://www.snapeda.com/parts/S2B-PH-SM4-TB/JST+Sales+America+Inc./view-part/?ref=snap"; VariantName = "[No Variations]"
Add component (AddParameter): Name = "Value"; Value = ""; VariantName = "[No Variations]"
Added Component: Designator=P2(SAMTEC_MTMM-101-X-X-S-X)
Add component (AddParameter): Name = "Availability"; Value = "In Stock"; VariantName = "[No Variations]"
Add component (AddParameter): Name = "Check_prices"; Value = "https://www.snapeda.com/parts/S2B-PH-SM4-TB/JST+Sales+America+Inc./view-part/?ref=eda"; VariantName = "[No Variations]"
Add component (AddParameter): Name = "MF"; Value = "JST Sales"; VariantName = "[No Variations]"
Add component (AddParameter): Name = "MP"; Value = "S2B-PH-SM4-TB"; VariantName = "[No Variations]"
Add component (AddParameter): Name = "Package"; Value = "None"; VariantName = "[No Variations]"
Add component (AddParameter): Name = "Price"; Value = "None"; VariantName = "[No Variations]"
Add component (AddParameter): Name = "Purchase-URL"; Value = "https://pricing.snapeda.com/search/part/S2B-PH-SM4-TB/?ref=eda"; VariantName = "[No Variations]"
Add component (AddParameter): Name = "SnapEDA_Link"; Value = "https://www.snapeda.com/parts/S2B-PH-SM4-TB/JST+Sales+America+Inc./view-part/?ref=snap"; VariantName = "[No Variations]"
Add component (AddParameter): Name = "Value"; Value = ""; VariantName = "[No Variations]"
Added Component: Designator=P3(SAMTEC_MTMM-101-X-X-S-X)
Add component (AddParameter): Name = "Availability"; Value = "In Stock"; VariantName = "[No Variations]"
Add component (AddParameter): Name = "Check_prices"; Value = "https://www.snapeda.com/parts/S2B-PH-SM4-TB/JST+Sales+America+Inc./view-part/?ref=eda"; VariantName = "[No Variations]"
Add component (AddParameter): Name = "MF"; Value = "JST Sales"; VariantName = "[No Variations]"
Add component (AddParameter): Name = "MP"; Value = "S2B-PH-SM4-TB"; VariantName = "[No Variations]"
Add component (AddParameter): Name = "Package"; Value = "None"; VariantName = "[No Variations]"
Add component (AddParameter): Name = "Price"; Value = "None"; VariantName = "[No Variations]"
Add component (AddParameter): Name = "Purchase-URL"; Value = "https://pricing.snapeda.com/search/part/S2B-PH-SM4-TB/?ref=eda"; VariantName = "[No Variations]"
Add component (AddParameter): Name = "SnapEDA_Link"; Value = "https://www.snapeda.com/parts/S2B-PH-SM4-TB/JST+Sales+America+Inc./view-part/?ref=snap"; VariantName = "[No Variations]"
Add component (AddParameter): Name = "Value"; Value = ""; VariantName = "[No Variations]"
Added Component: Designator=P4(SAMTEC_MTMM-101-X-X-S-X)
Add component (AddParameter): Name = "Availability"; Value = "In Stock"; VariantName = "[No Variations]"
Add component (AddParameter): Name = "Check_prices"; Value = "https://www.snapeda.com/parts/S2B-PH-SM4-TB/JST+Sales+America+Inc./view-part/?ref=eda"; VariantName = "[No Variations]"
Add component (AddParameter): Name = "MF"; Value = "JST Sales"; VariantName = "[No Variations]"
Add component (AddParameter): Name = "MP"; Value = "S2B-PH-SM4-TB"; VariantName = "[No Variations]"
Add component (AddParameter): Name = "Package"; Value = "None"; VariantName = "[No Variations]"
Add component (AddParameter): Name = "Price"; Value = "None"; VariantName = "[No Variations]"
Add component (AddParameter): Name = "Purchase-URL"; Value = "https://pricing.snapeda.com/search/part/S2B-PH-SM4-TB/?ref=eda"; VariantName = "[No Variations]"
Add component (AddParameter): Name = "SnapEDA_Link"; Value = "https://www.snapeda.com/parts/S2B-PH-SM4-TB/JST+Sales+America+Inc./view-part/?ref=snap"; VariantName = "[No Variations]"
Add component (AddParameter): Name = "Value"; Value = ""; VariantName = "[No Variations]"
Added Component: Designator=P5(SAMTEC_MTMM-101-X-X-S-X)
Add component (AddParameter): Name = "Availability"; Value = "In Stock"; VariantName = "[No Variations]"
Add component (AddParameter): Name = "Check_prices"; Value = "https://www.snapeda.com/parts/S2B-PH-SM4-TB/JST+Sales+America+Inc./view-part/?ref=eda"; VariantName = "[No Variations]"
Add component (AddParameter): Name = "MF"; Value = "JST Sales"; VariantName = "[No Variations]"
Add component (AddParameter): Name = "MP"; Value = "S2B-PH-SM4-TB"; VariantName = "[No Variations]"
Add component (AddParameter): Name = "Package"; Value = "None"; VariantName = "[No Variations]"
Add component (AddParameter): Name = "Price"; Value = "None"; VariantName = "[No Variations]"
Add component (AddParameter): Name = "Purchase-URL"; Value = "https://pricing.snapeda.com/search/part/S2B-PH-SM4-TB/?ref=eda"; VariantName = "[No Variations]"
Add component (AddParameter): Name = "SnapEDA_Link"; Value = "https://www.snapeda.com/parts/S2B-PH-SM4-TB/JST+Sales+America+Inc./view-part/?ref=snap"; VariantName = "[No Variations]"
Add component (AddParameter): Name = "Value"; Value = ""; VariantName = "[No Variations]"
Add Component: Footprint Not Found 2_conn_NC
Add Component: Footprint Not Found 2_conn_NC
Add Component: Footprint Not Found 2_conn_NC
Add Component: Footprint Not Found 2_conn_NC
Add Component: Footprint Not Found 2_conn_NC
Add Component: Footprint Not Found TO254P1009X445X1985-3
Add Component: Footprint Not Found TO254P1009X445X1985-3
Add Component: Footprint Not Found TO254P1009X445X1985-3
Add Component: Footprint Not Found TO254P1009X445X1985-3
Add Component: Footprint Not Found RES_2W_vertical
Add Component: Footprint Not Found RES_2W_vertical
Add Component: Footprint Not Found RES_2W_vertical
Add Component: Footprint Not Found RES_2W_vertical
Add Component: Footprint Not Found RES_2W_vertical
Add Component: Footprint Not Found RES_2W_vertical
Add Component: Footprint Not Found RES_2W_vertical
Add Component: Footprint Not Found RES_2W_vertical
Add Component: Footprint Not Found RES_2W_vertical
Add Component: Footprint Not Found RES_2W_vertical
Add Component: Footprint Not Found RES_2W_vertical
Add Component: Footprint Not Found RES_2W_vertical
Add Component: Footprint Not Found RES_2W_vertical
Add Component: Footprint Not Found RES_2W_vertical
Add Component: Footprint Not Found RES_2W_vertical
Add Component: Footprint Not Found RES_2W_vertical
Add Component: Footprint Not Found RES_2W_vertical
Add Component: Footprint Not Found RES_2W_vertical
Add Component: Footprint Not Found RES_2W_vertical
Add Component: Footprint Not Found RES_2W_vertical
Add Component: Footprint Not Found RES_2W_vertical
Add Component: Footprint Not Found RES_2W_vertical
Add Component: Footprint Not Found RES_2W_vertical
Add Component: Footprint Not Found RES_2W_vertical
Add Component: Footprint Not Found RES_2W_vertical
Add Component: Footprint Not Found RES_2W_vertical
Add Component: Footprint Not Found RES_2W_vertical
Add Component: Footprint Not Found RES_2W_vertical
Add Component: Footprint Not Found TRIM_PV36W204C01B00 - duplicate
Add Component: Footprint Not Found TO228P991X255-3N
Add Component: Footprint Not Found TO228P991X255-3N
Add Pin To Net: Unknown Pin: Pin *1-2
Add Pin To Net: Unknown Pin: Pin *1-3
Add Pin To Net: Unknown Pin: Pin *2-2
Add Pin To Net: Unknown Pin: Pin *2-3
Add Pin To Net: Unknown Pin: Pin B1-1
Add Pin To Net: Unknown Pin: Pin B1-2
Add Pin To Net: Unknown Pin: Pin B1-3
Add Pin To Net: Unknown Pin: Pin C1-1
Add Pin To Net: Unknown Pin: Pin C1-2
Add Pin To Net: Unknown Pin: Pin C2-N
Add Pin To Net: Unknown Pin: Pin C2-P
Add Pin To Net: Unknown Pin: Pin C3-N
Add Pin To Net: Unknown Pin: Pin C3-P
Add Pin To Net: Unknown Pin: Pin C4-1
Add Pin To Net: Unknown Pin: Pin C4-2
Add Pin To Net: Unknown Pin: Pin C5-1
Add Pin To Net: Unknown Pin: Pin C5-2
Add Pin To Net: Unknown Pin: Pin C6-1
Add Pin To Net: Unknown Pin: Pin C6-2
Add Pin To Net: Unknown Pin: Pin C7-1
Add Pin To Net: Unknown Pin: Pin C7-2
Add Pin To Net: Unknown Pin: Pin C8-1
Add Pin To Net: Unknown Pin: Pin C8-2
Add Pin To Net: Unknown Pin: Pin C9-1
Add Pin To Net: Unknown Pin: Pin C9-2
Add Pin To Net: Unknown Pin: Pin C10-N
Add Pin To Net: Unknown Pin: Pin C10-P
Add Pin To Net: Unknown Pin: Pin C11-1
Add Pin To Net: Unknown Pin: Pin C11-2
Add Pin To Net: Unknown Pin: Pin C12-1
Add Pin To Net: Unknown Pin: Pin C12-2
Add Pin To Net: Unknown Pin: Pin C13-N
Add Pin To Net: Unknown Pin: Pin C13-P
Add Pin To Net: Unknown Pin: Pin D1-1
Add Pin To Net: Unknown Pin: Pin D1-2
Add Pin To Net: Unknown Pin: Pin D2-A
Add Pin To Net: Unknown Pin: Pin D2-C
Add Pin To Net: Unknown Pin: Pin D3-A
Add Pin To Net: Unknown Pin: Pin D3-C
Add Pin To Net: Unknown Pin: Pin D4-A
Add Pin To Net: Unknown Pin: Pin D4-C
Add Pin To Net: Unknown Pin: Pin D5-A
Add Pin To Net: Unknown Pin: Pin D5-C
Add Pin To Net: Unknown Pin: Pin D6-A
Add Pin To Net: Unknown Pin: Pin D6-C
Add Pin To Net: Unknown Pin: Pin D7-1
Add Pin To Net: Unknown Pin: Pin D7-2
Add Pin To Net: Unknown Pin: Pin D8-A
Add Pin To Net: Unknown Pin: Pin D8-C
Add Pin To Net: Unknown Pin: Pin D9-A
Add Pin To Net: Unknown Pin: Pin D9-C
Add Pin To Net: Unknown Pin: Pin D10-A
Add Pin To Net: Unknown Pin: Pin D10-C
Add Pin To Net: Unknown Pin: Pin D11-A
Add Pin To Net: Unknown Pin: Pin D11-C
Add Pin To Net: Unknown Pin: Pin D12-A
Add Pin To Net: Unknown Pin: Pin D12-C
Add Pin To Net: Unknown Pin: Pin D13-A
Add Pin To Net: Unknown Pin: Pin D13-C
Add Pin To Net: Unknown Pin: Pin D14-A
Add Pin To Net: Unknown Pin: Pin D14-C
Added Pin To Net: NetName=VAA1 Pin=P1-1
Added Pin To Net: NetName=VGG Pin=P2-1
Added Pin To Net: NetName=VAA2 Pin=P3-1
Added Pin To Net: NetName=MAIDA_IN Pin=P4-1
Added Pin To Net: NetName=MAIDA_GRID_IN Pin=P5-1
Add Pin To Net: Unknown Pin: Pin P6-1
Add Pin To Net: Unknown Pin: Pin P6-2
Add Pin To Net: Unknown Pin: Pin P7-1
Add Pin To Net: Unknown Pin: Pin P7-2
Add Pin To Net: Unknown Pin: Pin P8-1
Add Pin To Net: Unknown Pin: Pin P8-2
Add Pin To Net: Unknown Pin: Pin P9-1
Add Pin To Net: Unknown Pin: Pin P9-2
Add Pin To Net: Unknown Pin: Pin P10-1
Add Pin To Net: Unknown Pin: Pin P10-2
Add Pin To Net: Unknown Pin: Pin Q1-1
Add Pin To Net: Unknown Pin: Pin Q1-2
Add Pin To Net: Unknown Pin: Pin Q1-3
Add Pin To Net: Unknown Pin: Pin Q2-1
Add Pin To Net: Unknown Pin: Pin Q2-2
Add Pin To Net: Unknown Pin: Pin Q2-3
Add Pin To Net: Unknown Pin: Pin Q3-1
Add Pin To Net: Unknown Pin: Pin Q3-2
Add Pin To Net: Unknown Pin: Pin Q3-3
Add Pin To Net: Unknown Pin: Pin Q4-1
Add Pin To Net: Unknown Pin: Pin Q4-2
Add Pin To Net: Unknown Pin: Pin Q4-3
Add Pin To Net: Unknown Pin: Pin R1-1
Add Pin To Net: Unknown Pin: Pin R1-2
Add Pin To Net: Unknown Pin: Pin R2-1
Add Pin To Net: Unknown Pin: Pin R2-2
Add Pin To Net: Unknown Pin: Pin R3-1
Add Pin To Net: Unknown Pin: Pin R3-2
Add Pin To Net: Unknown Pin: Pin R4-1
Add Pin To Net: Unknown Pin: Pin R4-2
Add Pin To Net: Unknown Pin: Pin R5-1
Add Pin To Net: Unknown Pin: Pin R5-2
Add Pin To Net: Unknown Pin: Pin R6-1
Add Pin To Net: Unknown Pin: Pin R6-2
Add Pin To Net: Unknown Pin: Pin R7-1
Add Pin To Net: Unknown Pin: Pin R7-2
Add Pin To Net: Unknown Pin: Pin R8-1
Add Pin To Net: Unknown Pin: Pin R8-2
Add Pin To Net: Unknown Pin: Pin R9-1
Add Pin To Net: Unknown Pin: Pin R9-2
Add Pin To Net: Unknown Pin: Pin R10-1
Add Pin To Net: Unknown Pin: Pin R10-2
Add Pin To Net: Unknown Pin: Pin R11-1
Add Pin To Net: Unknown Pin: Pin R11-2
Add Pin To Net: Unknown Pin: Pin R12-1
Add Pin To Net: Unknown Pin: Pin R12-2
Add Pin To Net: Unknown Pin: Pin R13-1
Add Pin To Net: Unknown Pin: Pin R13-2
Add Pin To Net: Unknown Pin: Pin R14-1
Add Pin To Net: Unknown Pin: Pin R14-2
Add Pin To Net: Unknown Pin: Pin R15-1
Add Pin To Net: Unknown Pin: Pin R15-2
Add Pin To Net: Unknown Pin: Pin R16-1
Add Pin To Net: Unknown Pin: Pin R16-2
Add Pin To Net: Unknown Pin: Pin R17-1
Add Pin To Net: Unknown Pin: Pin R17-2
Add Pin To Net: Unknown Pin: Pin R18-1
Add Pin To Net: Unknown Pin: Pin R18-2
Add Pin To Net: Unknown Pin: Pin R19-1
Add Pin To Net: Unknown Pin: Pin R19-2
Add Pin To Net: Unknown Pin: Pin R20-1
Add Pin To Net: Unknown Pin: Pin R20-2
Add Pin To Net: Unknown Pin: Pin R21-1
Add Pin To Net: Unknown Pin: Pin R21-2
Add Pin To Net: Unknown Pin: Pin R22-1
Add Pin To Net: Unknown Pin: Pin R22-2
Add Pin To Net: Unknown Pin: Pin R23-1
Add Pin To Net: Unknown Pin: Pin R23-2
Add Pin To Net: Unknown Pin: Pin R24-1
Add Pin To Net: Unknown Pin: Pin R24-2
Add Pin To Net: Unknown Pin: Pin R25-1
Add Pin To Net: Unknown Pin: Pin R25-2
Add Pin To Net: Unknown Pin: Pin R26-1
Add Pin To Net: Unknown Pin: Pin R26-2
Add Pin To Net: Unknown Pin: Pin R27-1
Add Pin To Net: Unknown Pin: Pin R27-2
Add Pin To Net: Unknown Pin: Pin R28-1
Add Pin To Net: Unknown Pin: Pin R28-2
Add Pin To Net: Unknown Pin: Pin RV1-1
Add Pin To Net: Unknown Pin: Pin RV1-2
Add Pin To Net: Unknown Pin: Pin RV1-3
Add Pin To Net: Unknown Pin: Pin VR1-1
Add Pin To Net: Unknown Pin: Pin VR1-3
Add Pin To Net: Unknown Pin: Pin VR1-4
Add Pin To Net: Unknown Pin: Pin VR2-1
Add Pin To Net: Unknown Pin: Pin VR2-3
Add Pin To Net: Unknown Pin: Pin VR2-4
Add Class Member: Failed to add class member : Component *1 LM329
Add Class Member: Failed to add class member : Component *2 LM329
Add Class Member: Failed to add class member : Component B1 LM337KVURG3
Add Class Member: Failed to add class member : Component C1 1uF
Add Class Member: Failed to add class member : Component C2 CAP_EL_47u_stand
Add Class Member: Failed to add class member : Component C3 CAP_EL_47u_stand
Add Class Member: Failed to add class member : Component C4 100nF
Add Class Member: Failed to add class member : Component C5 1uF
Add Class Member: Failed to add class member : Component C6 1uF
Add Class Member: Failed to add class member : Component C7 1uF
Add Class Member: Failed to add class member : Component C8 1uF
Add Class Member: Failed to add class member : Component C9 1uF
Add Class Member: Failed to add class member : Component C10 CAP_EL_220u_450V
Add Class Member: Failed to add class member : Component C11 1uF
Add Class Member: Failed to add class member : Component C12 1uF
Add Class Member: Failed to add class member : Component C13 CAP_EL_2200u_stand
Add Class Member: Failed to add class member : Component D1 1N4735A
Add Class Member: Failed to add class member : Component D2 1N4001G
Add Class Member: Failed to add class member : Component D3 1N4001G
Add Class Member: Failed to add class member : Component D4 1N4001G
Add Class Member: Failed to add class member : Component D5 1N4001G
Add Class Member: Failed to add class member : Component D6 1N4001G
Add Class Member: Failed to add class member : Component D7 1N4735A
Add Class Member: Failed to add class member : Component D8 1N4001G
Add Class Member: Failed to add class member : Component D9 1N4001G
Add Class Member: Failed to add class member : Component D10 1N4001G
Add Class Member: Failed to add class member : Component D11 1N4001G
Add Class Member: Failed to add class member : Component D12 1N4001G
Add Class Member: Failed to add class member : Component D13 1N4001G
Add Class Member: Failed to add class member : Component D14 1N4001G
Add Class Member: Failed to add class member : Component HS1 Heatsink
Add Class Member: Failed to add class member : Component HS2 Heatsink
Added Member To Class: ClassName=Gagabiro_POC_PSU_main Member=Component P1 1_con_header
Added Member To Class: ClassName=Gagabiro_POC_PSU_main Member=Component P2 1_con_header
Added Member To Class: ClassName=Gagabiro_POC_PSU_main Member=Component P3 1_con_header
Added Member To Class: ClassName=Gagabiro_POC_PSU_main Member=Component P4 1_con_header
Added Member To Class: ClassName=Gagabiro_POC_PSU_main Member=Component P5 1_con_header
Add Class Member: Failed to add class member : Component P6 2_conn_NC
Add Class Member: Failed to add class member : Component P7 2_conn_NC
Add Class Member: Failed to add class member : Component P8 2_conn_NC
Add Class Member: Failed to add class member : Component P9 2_conn_NC
Add Class Member: Failed to add class member : Component P10 2_conn_NC
Add Class Member: Failed to add class member : Component Q1 TIP50
Add Class Member: Failed to add class member : Component Q2 TIP50
Add Class Member: Failed to add class member : Component Q3 TIP50
Add Class Member: Failed to add class member : Component Q4 TIP50
Add Class Member: Failed to add class member : Component R1 100K
Add Class Member: Failed to add class member : Component R2 1k
Add Class Member: Failed to add class member : Component R3 1K5
Add Class Member: Failed to add class member : Component R4 10R
Add Class Member: Failed to add class member : Component R5 1K5
Add Class Member: Failed to add class member : Component R6 1k
Add Class Member: Failed to add class member : Component R7 2R7
Add Class Member: Failed to add class member : Component R8 150R
Add Class Member: Failed to add class member : Component R9 100R
Add Class Member: Failed to add class member : Component R10 36K
Add Class Member: Failed to add class member : Component R11 36K
Add Class Member: Failed to add class member : Component R12 NC
Add Class Member: Failed to add class member : Component R13 NC
Add Class Member: Failed to add class member : Component R14 36K
Add Class Member: Failed to add class member : Component R15 36K
Add Class Member: Failed to add class member : Component R16 100K
Add Class Member: Failed to add class member : Component R17 1k
Add Class Member: Failed to add class member : Component R18 10R
Add Class Member: Failed to add class member : Component R19 1K5
Add Class Member: Failed to add class member : Component R20 1k
Add Class Member: Failed to add class member : Component R21 2R7
Add Class Member: Failed to add class member : Component R22 100R
Add Class Member: Failed to add class member : Component R23 36K
Add Class Member: Failed to add class member : Component R24 36K
Add Class Member: Failed to add class member : Component R25 NC
Add Class Member: Failed to add class member : Component R26 NC
Add Class Member: Failed to add class member : Component R27 36K
Add Class Member: Failed to add class member : Component R28 36K
Add Class Member: Failed to add class member : Component RV1 TRIMMER_100R
Add Class Member: Failed to add class member : Component VR1 LM317AMDT/NOPB
Add Class Member: Failed to add class member : Component VR2 LM317AMDT/NOPB
